TN:
SF:src\App.tsx
FN:1,(empty-report)
FNF:1
FNH:0
FNDA:0,(empty-report)
DA:1,0
DA:2,0
DA:3,0
DA:6,0
DA:7,0
DA:8,0
DA:9,0
DA:10,0
DA:11,0
DA:12,0
DA:13,0
DA:14,0
DA:15,0
DA:16,0
DA:17,0
DA:18,0
DA:19,0
DA:20,0
DA:21,0
DA:22,0
DA:23,0
DA:24,0
DA:25,0
DA:26,0
DA:27,0
DA:28,0
DA:30,0
DA:31,0
DA:32,0
DA:33,0
DA:34,0
DA:35,0
DA:36,0
DA:37,0
DA:38,0
DA:39,0
DA:40,0
DA:41,0
DA:42,0
DA:43,0
DA:45,0
DA:46,0
DA:47,0
DA:48,0
DA:50,0
DA:51,0
DA:52,0
DA:54,0
DA:56,0
DA:57,0
DA:58,0
DA:60,0
DA:61,0
DA:62,0
DA:64,0
DA:65,0
DA:66,0
DA:67,0
DA:68,0
DA:69,0
DA:70,0
DA:71,0
DA:73,0
DA:77,0
DA:78,0
DA:79,0
DA:80,0
DA:81,0
DA:82,0
DA:83,0
DA:84,0
DA:87,0
DA:92,0
DA:94,0
LF:74
LH:0
BRDA:1,0,0,0
BRF:1
BRH:0
end_of_record
TN:
SF:src\forLintError.ts
FN:1,(empty-report)
FNF:1
FNH:0
FNDA:0,(empty-report)
DA:1,0
DA:2,0
DA:3,0
LF:3
LH:0
BRDA:1,0,0,0
BRF:1
BRH:0
end_of_record
TN:
SF:src\main.tsx
FN:1,(empty-report)
FNF:1
FNH:0
FNDA:0,(empty-report)
DA:1,0
DA:2,0
DA:3,0
DA:7,0
DA:8,0
DA:9,0
LF:6
LH:0
BRDA:1,0,0,0
BRF:1
BRH:0
end_of_record
TN:
SF:src\types.ts
FN:1,(empty-report)
FNF:1
FNH:1
FNDA:1,(empty-report)
DA:24,0
LF:1
LH:0
BRDA:1,0,0,1
BRF:1
BRH:1
end_of_record
TN:
SF:src\components\AdminPage.tsx
FN:12,AdminPage
FN:30,toggleProductAccordion
FN:43,handleEditProduct
FN:48,handleProductNameUpdate
FN:56,handlePriceUpdate
FN:64,handleEditComplete
FN:71,handleStockUpdate
FN:80,handleAddDiscount
FN:93,handleRemoveDiscount
FN:105,handleAddCoupon
FN:115,handleAddNewProduct
FN:134,onClick
FN:148,onChange
FN:158,onChange
FN:168,onChange
FN:185,onClick
FN:199,onChange
FN:208,onChange
FN:217,onChange
FN:228,onClick
FN:240,onChange
FN:247,onChange
FN:251,onClick
FN:274,onClick
FN:295,onChange
FN:302,onChange
FN:308,onChange
FN:318,onChange
FNF:28
FNH:28
FNDA:23,AdminPage
FNDA:1,toggleProductAccordion
FNDA:2,handleEditProduct
FNDA:1,handleProductNameUpdate
FNDA:1,handlePriceUpdate
FNDA:1,handleEditComplete
FNDA:1,handleStockUpdate
FNDA:1,handleAddDiscount
FNDA:2,handleRemoveDiscount
FNDA:1,handleAddCoupon
FNDA:1,handleAddNewProduct
FNDA:1,onClick
FNDA:1,onChange
FNDA:1,onChange
FNDA:1,onChange
FNDA:1,onClick
FNDA:1,onChange
FNDA:1,onChange
FNDA:1,onChange
FNDA:2,onClick
FNDA:1,onChange
FNDA:1,onChange
FNDA:1,onClick
FNDA:2,onClick
FNDA:1,onChange
FNDA:1,onChange
FNDA:1,onChange
FNDA:1,onChange
DA:1,1
DA:12,1
DA:13,23
DA:14,23
DA:15,23
DA:16,23
DA:17,23
DA:18,23
DA:19,23
DA:20,23
DA:21,23
DA:22,23
DA:23,23
DA:24,23
DA:25,23
DA:26,23
DA:27,23
DA:28,23
DA:30,23
DA:31,1
DA:32,1
DA:33,1
DA:34,0
DA:35,1
DA:36,1
DA:37,1
DA:38,1
DA:39,1
DA:40,1
DA:42,23
DA:43,23
DA:44,2
DA:45,2
DA:47,23
DA:48,23
DA:49,1
DA:50,1
DA:51,1
DA:52,1
DA:53,1
DA:55,23
DA:56,23
DA:57,1
DA:58,1
DA:59,1
DA:60,1
DA:61,1
DA:63,23
DA:64,23
DA:65,1
DA:66,1
DA:67,1
DA:68,1
DA:69,1
DA:71,23
DA:72,1
DA:73,1
DA:74,1
DA:75,1
DA:76,1
DA:77,1
DA:78,1
DA:80,23
DA:81,1
DA:82,1
DA:83,1
DA:84,1
DA:85,1
DA:86,1
DA:87,1
DA:88,1
DA:89,1
DA:90,1
DA:91,1
DA:93,23
DA:94,2
DA:95,2
DA:96,2
DA:97,2
DA:98,2
DA:99,2
DA:100,2
DA:101,2
DA:102,2
DA:103,2
DA:105,23
DA:106,1
DA:107,1
DA:108,1
DA:109,1
DA:110,1
DA:111,1
DA:112,1
DA:113,1
DA:115,23
DA:116,1
DA:117,1
DA:118,1
DA:119,1
DA:120,1
DA:121,1
DA:122,1
DA:123,1
DA:124,1
DA:125,1
DA:127,23
DA:128,23
DA:129,23
DA:130,23
DA:131,23
DA:132,23
DA:133,23
DA:134,23
DA:135,23
DA:137,23
DA:139,23
DA:140,23
DA:141,23
DA:142,23
DA:143,23
DA:144,23
DA:145,23
DA:146,23
DA:147,23
DA:148,23
DA:149,23
DA:152,23
DA:153,23
DA:154,23
DA:155,23
DA:156,23
DA:157,23
DA:158,23
DA:159,23
DA:162,23
DA:163,23
DA:164,23
DA:165,23
DA:166,23
DA:167,23
DA:168,23
DA:169,23
DA:172,23
DA:173,23
DA:174,23
DA:175,23
DA:180,23
DA:181,23
DA:182,23
DA:183,23
DA:184,23
DA:185,23
DA:186,23
DA:188,23
DA:190,23
DA:191,23
DA:192,23
DA:193,15
DA:194,15
DA:195,15
DA:196,15
DA:197,15
DA:198,15
DA:199,15
DA:200,15
DA:203,15
DA:204,15
DA:205,15
DA:206,15
DA:207,15
DA:208,15
DA:209,15
DA:212,15
DA:213,15
DA:214,15
DA:215,15
DA:216,15
DA:217,15
DA:218,15
DA:222,15
DA:223,15
DA:224,15
DA:225,15
DA:226,15
DA:227,15
DA:228,15
DA:229,15
DA:230,15
DA:235,15
DA:236,15
DA:237,15
DA:238,15
DA:239,15
DA:240,15
DA:241,15
DA:243,15
DA:244,15
DA:245,15
DA:246,15
DA:247,15
DA:248,15
DA:250,15
DA:251,15
DA:252,15
DA:253,15
DA:258,15
DA:259,15
DA:260,15
DA:261,15
DA:266,23
DA:267,23
DA:268,23
DA:269,23
DA:272,23
DA:273,23
DA:274,23
DA:275,23
DA:276,23
DA:287,23
DA:288,23
DA:289,23
DA:290,23
DA:291,23
DA:292,23
DA:293,23
DA:294,23
DA:295,23
DA:296,23
DA:298,23
DA:299,23
DA:300,23
DA:301,23
DA:302,23
DA:303,23
DA:305,23
DA:306,23
DA:307,23
DA:308,23
DA:309,23
DA:311,23
DA:312,23
DA:314,23
DA:315,23
DA:316,23
DA:317,23
DA:318,23
DA:319,23
DA:322,23
DA:323,23
DA:324,23
DA:325,23
DA:329,23
DA:330,23
DA:331,23
DA:332,23
DA:333,23
DA:334,23
DA:335,23
DA:345,23
LF:259
LH:258
BRDA:12,0,0,23
BRDA:137,1,0,4
BRDA:137,2,0,19
BRDA:30,3,0,1
BRDA:31,4,0,1
BRDA:33,5,0,0
BRDA:43,6,0,2
BRDA:48,7,0,1
BRDA:56,8,0,1
BRDA:64,9,0,1
BRDA:71,10,0,1
BRDA:72,11,0,1
BRDA:80,12,0,1
BRDA:81,13,0,1
BRDA:93,14,0,2
BRDA:94,15,0,2
BRDA:98,16,0,3
BRDA:105,17,0,1
BRDA:115,18,0,1
BRDA:134,19,0,1
BRDA:148,20,0,1
BRDA:158,21,0,1
BRDA:168,22,0,1
BRDA:192,23,0,15
BRDA:192,24,0,15
BRDA:185,25,0,1
BRDA:199,26,0,1
BRDA:208,27,0,1
BRDA:217,28,0,1
BRDA:228,29,0,2
BRDA:240,30,0,1
BRDA:247,31,0,1
BRDA:251,32,0,1
BRDA:274,33,0,2
BRDA:295,34,0,1
BRDA:302,35,0,1
BRDA:308,36,0,1
BRDA:318,37,0,1
BRDA:335,38,0,23
BRDA:335,39,0,24
BRF:40
BRH:39
end_of_record
TN:
SF:src\components\CartPage.tsx
FN:9,CartPage
FN:14,addToCart
FN:31,removeFromCart
FN:35,updateQuantity
FN:48,calculateTotal
FN:84,getMaxDiscount
FN:88,getRemainingStock
FN:95,getAppliedDiscount
FN:107,applyCoupon
FN:146,onClick
FN:183,onClick
FN:189,onClick
FN:195,onClick
FN:209,onChange
FNF:14
FNH:11
FNDA:43,CartPage
FNDA:22,addToCart
FNDA:0,removeFromCart
FNDA:18,updateQuantity
FNDA:43,calculateTotal
FNDA:129,getMaxDiscount
FNDA:151,getRemainingStock
FNDA:85,getAppliedDiscount
FNDA:2,applyCoupon
FNDA:22,onClick
FNDA:0,onClick
FNDA:18,onClick
FNDA:0,onClick
FNDA:2,onChange
DA:1,1
DA:9,1
DA:10,43
DA:11,43
DA:14,43
DA:15,22
DA:16,22
DA:18,22
DA:19,22
DA:20,22
DA:21,19
DA:22,19
DA:23,19
DA:24,0
DA:26,19
DA:27,3
DA:28,3
DA:29,22
DA:31,43
DA:32,0
DA:33,0
DA:35,43
DA:36,18
DA:37,18
DA:38,54
DA:39,18
DA:40,18
DA:41,18
DA:42,18
DA:43,36
DA:44,18
DA:46,18
DA:48,43
DA:49,43
DA:50,43
DA:52,43
DA:53,85
DA:54,85
DA:55,85
DA:57,85
DA:58,85
DA:59,85
DA:61,85
DA:62,85
DA:64,43
DA:66,43
DA:67,43
DA:68,2
DA:69,1
DA:70,1
DA:71,1
DA:72,1
DA:73,2
DA:74,2
DA:76,43
DA:77,43
DA:78,43
DA:79,43
DA:80,43
DA:81,43
DA:84,43
DA:85,129
DA:86,129
DA:88,43
DA:89,151
DA:90,151
DA:91,151
DA:93,43
DA:95,43
DA:96,85
DA:97,85
DA:98,85
DA:99,85
DA:100,85
DA:101,40
DA:102,40
DA:103,85
DA:104,85
DA:105,85
DA:107,43
DA:108,2
DA:109,2
DA:111,43
DA:112,43
DA:113,43
DA:114,43
DA:115,43
DA:116,43
DA:117,43
DA:118,43
DA:119,129
DA:120,129
DA:121,129
DA:122,129
DA:123,129
DA:124,129
DA:126,129
DA:127,129
DA:128,129
DA:130,129
DA:131,129
DA:132,129
DA:136,129
DA:137,129
DA:138,129
DA:139,129
DA:140,129
DA:145,129
DA:146,129
DA:147,129
DA:148,129
DA:149,106
DA:150,23
DA:151,129
DA:152,129
DA:154,129
DA:158,129
DA:161,43
DA:162,43
DA:164,43
DA:165,43
DA:166,85
DA:167,85
DA:168,85
DA:169,85
DA:170,85
DA:171,85
DA:172,85
DA:173,85
DA:174,85
DA:175,85
DA:176,85
DA:181,85
DA:182,85
DA:183,85
DA:184,85
DA:185,85
DA:188,85
DA:189,85
DA:190,85
DA:191,85
DA:194,85
DA:195,85
DA:196,85
DA:197,85
DA:203,85
DA:206,43
DA:207,43
DA:208,43
DA:209,43
DA:210,43
DA:212,43
DA:213,43
DA:214,43
DA:215,43
DA:219,43
DA:220,43
DA:221,43
DA:222,43
DA:227,43
DA:228,43
DA:229,43
DA:230,43
DA:231,43
DA:232,43
DA:233,43
DA:241,43
LF:167
LH:164
BRDA:9,0,0,43
BRDA:222,1,0,1
BRDA:222,2,0,1
BRDA:14,3,0,22
BRDA:16,4,0,0
BRDA:18,5,0,22
BRDA:20,6,0,19
BRDA:26,7,0,3
BRDA:19,8,0,22
BRDA:21,9,0,19
BRDA:23,10,0,0
BRDA:35,11,0,18
BRDA:36,12,0,18
BRDA:37,13,0,54
BRDA:38,14,0,18
BRDA:41,15,0,0
BRDA:42,16,0,36
BRDA:44,17,0,54
BRDA:48,18,0,43
BRDA:67,19,0,2
BRDA:68,20,0,1
BRDA:52,21,0,85
BRDA:57,22,0,85
BRDA:58,23,0,40
BRDA:58,24,0,40
BRDA:58,25,0,45
BRDA:84,26,0,129
BRDA:85,27,0,129
BRDA:88,28,0,151
BRDA:90,29,0,104
BRDA:90,30,0,47
BRDA:89,31,0,213
BRDA:95,32,0,85
BRDA:100,33,0,40
BRDA:107,34,0,2
BRDA:118,35,0,129
BRDA:127,36,0,106
BRDA:127,37,0,23
BRDA:148,38,0,106
BRDA:149,39,0,23
BRDA:154,40,0,106
BRDA:154,41,0,23
BRDA:146,42,0,22
BRDA:165,43,0,85
BRDA:189,44,0,18
BRDA:209,45,0,2
BRDA:215,46,0,43
BRDA:215,47,0,43
BRF:48
BRH:45
end_of_record
