<?xml version="1.0" encoding="UTF-8"?>
<coverage generated="1721836583158" clover="3.2.0">
  <project timestamp="1721836583158" name="All files">
    <metrics statements="510" coveredstatements="422" conditionals="92" coveredconditionals="85" methods="46" coveredmethods="40" elements="648" coveredelements="547" complexity="0" loc="510" ncloc="510" packages="2" files="6" classes="6"/>
    <package name="src">
      <metrics statements="84" coveredstatements="0" conditionals="4" coveredconditionals="1" methods="4" coveredmethods="1"/>
      <file name="App.tsx" path="D:\advance\dreamcode\OPENSOURCE\HP_SHIM\front_2nd\packages\assignment-6\src\App.tsx">
        <metrics statements="74" coveredstatements="0" conditionals="1" coveredconditionals="0" methods="1" coveredmethods="0"/>
        <line num="1" count="0" type="cond" truecount="0" falsecount="1"/>
        <line num="2" count="0" type="stmt"/>
        <line num="3" count="0" type="stmt"/>
        <line num="6" count="0" type="stmt"/>
        <line num="7" count="0" type="stmt"/>
        <line num="8" count="0" type="stmt"/>
        <line num="9" count="0" type="stmt"/>
        <line num="10" count="0" type="stmt"/>
        <line num="11" count="0" type="stmt"/>
        <line num="12" count="0" type="stmt"/>
        <line num="13" count="0" type="stmt"/>
        <line num="14" count="0" type="stmt"/>
        <line num="15" count="0" type="stmt"/>
        <line num="16" count="0" type="stmt"/>
        <line num="17" count="0" type="stmt"/>
        <line num="18" count="0" type="stmt"/>
        <line num="19" count="0" type="stmt"/>
        <line num="20" count="0" type="stmt"/>
        <line num="21" count="0" type="stmt"/>
        <line num="22" count="0" type="stmt"/>
        <line num="23" count="0" type="stmt"/>
        <line num="24" count="0" type="stmt"/>
        <line num="25" count="0" type="stmt"/>
        <line num="26" count="0" type="stmt"/>
        <line num="27" count="0" type="stmt"/>
        <line num="28" count="0" type="stmt"/>
        <line num="29" count="0" type="stmt"/>
        <line num="30" count="0" type="stmt"/>
        <line num="31" count="0" type="stmt"/>
        <line num="33" count="0" type="stmt"/>
        <line num="34" count="0" type="stmt"/>
        <line num="35" count="0" type="stmt"/>
        <line num="36" count="0" type="stmt"/>
        <line num="37" count="0" type="stmt"/>
        <line num="38" count="0" type="stmt"/>
        <line num="39" count="0" type="stmt"/>
        <line num="40" count="0" type="stmt"/>
        <line num="41" count="0" type="stmt"/>
        <line num="42" count="0" type="stmt"/>
        <line num="43" count="0" type="stmt"/>
        <line num="44" count="0" type="stmt"/>
        <line num="45" count="0" type="stmt"/>
        <line num="46" count="0" type="stmt"/>
        <line num="48" count="0" type="stmt"/>
        <line num="49" count="0" type="stmt"/>
        <line num="50" count="0" type="stmt"/>
        <line num="51" count="0" type="stmt"/>
        <line num="53" count="0" type="stmt"/>
        <line num="54" count="0" type="stmt"/>
        <line num="55" count="0" type="stmt"/>
        <line num="57" count="0" type="stmt"/>
        <line num="58" count="0" type="stmt"/>
        <line num="59" count="0" type="stmt"/>
        <line num="61" count="0" type="stmt"/>
        <line num="62" count="0" type="stmt"/>
        <line num="63" count="0" type="stmt"/>
        <line num="65" count="0" type="stmt"/>
        <line num="66" count="0" type="stmt"/>
        <line num="67" count="0" type="stmt"/>
        <line num="68" count="0" type="stmt"/>
        <line num="69" count="0" type="stmt"/>
        <line num="70" count="0" type="stmt"/>
        <line num="71" count="0" type="stmt"/>
        <line num="75" count="0" type="stmt"/>
        <line num="76" count="0" type="stmt"/>
        <line num="77" count="0" type="stmt"/>
        <line num="78" count="0" type="stmt"/>
        <line num="79" count="0" type="stmt"/>
        <line num="80" count="0" type="stmt"/>
        <line num="81" count="0" type="stmt"/>
        <line num="82" count="0" type="stmt"/>
        <line num="85" count="0" type="stmt"/>
        <line num="90" count="0" type="stmt"/>
        <line num="92" count="0" type="stmt"/>
      </file>
      <file name="forLintError.ts" path="D:\advance\dreamcode\OPENSOURCE\HP_SHIM\front_2nd\packages\assignment-6\src\forLintError.ts">
        <metrics statements="3" coveredstatements="0" conditionals="1" coveredconditionals="0" methods="1" coveredmethods="0"/>
        <line num="1" count="0" type="cond" truecount="0" falsecount="1"/>
        <line num="2" count="0" type="stmt"/>
        <line num="3" count="0" type="stmt"/>
      </file>
      <file name="main.tsx" path="D:\advance\dreamcode\OPENSOURCE\HP_SHIM\front_2nd\packages\assignment-6\src\main.tsx">
        <metrics statements="6" coveredstatements="0" conditionals="1" coveredconditionals="0" methods="1" coveredmethods="0"/>
        <line num="1" count="0" type="cond" truecount="0" falsecount="1"/>
        <line num="2" count="0" type="stmt"/>
        <line num="3" count="0" type="stmt"/>
        <line num="7" count="0" type="stmt"/>
        <line num="8" count="0" type="stmt"/>
        <line num="9" count="0" type="stmt"/>
      </file>
      <file name="types.ts" path="D:\advance\dreamcode\OPENSOURCE\HP_SHIM\front_2nd\packages\assignment-6\src\types.ts">
        <metrics statements="1" coveredstatements="0" conditionals="1" coveredconditionals="1" methods="1" coveredmethods="1"/>
        <line num="24" count="0" type="stmt"/>
      </file>
    </package>
    <package name="src.components">
      <metrics statements="426" coveredstatements="422" conditionals="88" coveredconditionals="84" methods="42" coveredmethods="39"/>
      <file name="AdminPage.tsx" path="D:\advance\dreamcode\OPENSOURCE\HP_SHIM\front_2nd\packages\assignment-6\src\components\AdminPage.tsx">
        <metrics statements="259" coveredstatements="258" conditionals="40" coveredconditionals="39" methods="28" coveredmethods="28"/>
        <line num="1" count="1" type="stmt"/>
        <line num="12" count="1" type="cond" truecount="1" falsecount="0"/>
        <line num="13" count="23" type="stmt"/>
        <line num="14" count="23" type="stmt"/>
        <line num="15" count="23" type="stmt"/>
        <line num="16" count="23" type="stmt"/>
        <line num="17" count="23" type="stmt"/>
        <line num="18" count="23" type="stmt"/>
        <line num="19" count="23" type="stmt"/>
        <line num="20" count="23" type="stmt"/>
        <line num="21" count="23" type="stmt"/>
        <line num="22" count="23" type="stmt"/>
        <line num="23" count="23" type="stmt"/>
        <line num="24" count="23" type="stmt"/>
        <line num="25" count="23" type="stmt"/>
        <line num="26" count="23" type="stmt"/>
        <line num="27" count="23" type="stmt"/>
        <line num="28" count="23" type="stmt"/>
        <line num="30" count="23" type="cond" truecount="1" falsecount="0"/>
        <line num="31" count="1" type="cond" truecount="1" falsecount="0"/>
        <line num="32" count="1" type="stmt"/>
        <line num="33" count="1" type="cond" truecount="0" falsecount="1"/>
        <line num="34" count="0" type="stmt"/>
        <line num="35" count="1" type="stmt"/>
        <line num="36" count="1" type="stmt"/>
        <line num="37" count="1" type="stmt"/>
        <line num="38" count="1" type="stmt"/>
        <line num="39" count="1" type="stmt"/>
        <line num="40" count="1" type="stmt"/>
        <line num="42" count="23" type="stmt"/>
        <line num="43" count="23" type="cond" truecount="1" falsecount="0"/>
        <line num="44" count="2" type="stmt"/>
        <line num="45" count="2" type="stmt"/>
        <line num="47" count="23" type="stmt"/>
        <line num="48" count="23" type="cond" truecount="1" falsecount="0"/>
        <line num="49" count="1" type="stmt"/>
        <line num="50" count="1" type="stmt"/>
        <line num="51" count="1" type="stmt"/>
        <line num="52" count="1" type="stmt"/>
        <line num="53" count="1" type="stmt"/>
        <line num="55" count="23" type="stmt"/>
        <line num="56" count="23" type="cond" truecount="1" falsecount="0"/>
        <line num="57" count="1" type="stmt"/>
        <line num="58" count="1" type="stmt"/>
        <line num="59" count="1" type="stmt"/>
        <line num="60" count="1" type="stmt"/>
        <line num="61" count="1" type="stmt"/>
        <line num="63" count="23" type="stmt"/>
        <line num="64" count="23" type="cond" truecount="1" falsecount="0"/>
        <line num="65" count="1" type="stmt"/>
        <line num="66" count="1" type="stmt"/>
        <line num="67" count="1" type="stmt"/>
        <line num="68" count="1" type="stmt"/>
        <line num="69" count="1" type="stmt"/>
        <line num="71" count="23" type="cond" truecount="1" falsecount="0"/>
        <line num="72" count="1" type="cond" truecount="1" falsecount="0"/>
        <line num="73" count="1" type="stmt"/>
        <line num="74" count="1" type="stmt"/>
        <line num="75" count="1" type="stmt"/>
        <line num="76" count="1" type="stmt"/>
        <line num="77" count="1" type="stmt"/>
        <line num="78" count="1" type="stmt"/>
        <line num="80" count="23" type="cond" truecount="1" falsecount="0"/>
        <line num="81" count="1" type="cond" truecount="1" falsecount="0"/>
        <line num="82" count="1" type="stmt"/>
        <line num="83" count="1" type="stmt"/>
        <line num="84" count="1" type="stmt"/>
        <line num="85" count="1" type="stmt"/>
        <line num="86" count="1" type="stmt"/>
        <line num="87" count="1" type="stmt"/>
        <line num="88" count="1" type="stmt"/>
        <line num="89" count="1" type="stmt"/>
        <line num="90" count="1" type="stmt"/>
        <line num="91" count="1" type="stmt"/>
        <line num="93" count="23" type="cond" truecount="1" falsecount="0"/>
        <line num="94" count="2" type="cond" truecount="1" falsecount="0"/>
        <line num="95" count="2" type="stmt"/>
        <line num="96" count="2" type="stmt"/>
        <line num="97" count="2" type="stmt"/>
        <line num="98" count="2" type="cond" truecount="1" falsecount="0"/>
        <line num="99" count="2" type="stmt"/>
        <line num="100" count="2" type="stmt"/>
        <line num="101" count="2" type="stmt"/>
        <line num="102" count="2" type="stmt"/>
        <line num="103" count="2" type="stmt"/>
        <line num="105" count="23" type="cond" truecount="1" falsecount="0"/>
        <line num="106" count="1" type="stmt"/>
        <line num="107" count="1" type="stmt"/>
        <line num="108" count="1" type="stmt"/>
        <line num="109" count="1" type="stmt"/>
        <line num="110" count="1" type="stmt"/>
        <line num="111" count="1" type="stmt"/>
        <line num="112" count="1" type="stmt"/>
        <line num="113" count="1" type="stmt"/>
        <line num="115" count="23" type="cond" truecount="1" falsecount="0"/>
        <line num="116" count="1" type="stmt"/>
        <line num="117" count="1" type="stmt"/>
        <line num="118" count="1" type="stmt"/>
        <line num="119" count="1" type="stmt"/>
        <line num="120" count="1" type="stmt"/>
        <line num="121" count="1" type="stmt"/>
        <line num="122" count="1" type="stmt"/>
        <line num="123" count="1" type="stmt"/>
        <line num="124" count="1" type="stmt"/>
        <line num="125" count="1" type="stmt"/>
        <line num="127" count="23" type="stmt"/>
        <line num="128" count="23" type="stmt"/>
        <line num="129" count="23" type="stmt"/>
        <line num="130" count="23" type="stmt"/>
        <line num="131" count="23" type="stmt"/>
        <line num="132" count="23" type="stmt"/>
        <line num="133" count="23" type="stmt"/>
        <line num="134" count="23" type="cond" truecount="1" falsecount="0"/>
        <line num="135" count="23" type="stmt"/>
        <line num="137" count="23" type="cond" truecount="2" falsecount="0"/>
        <line num="139" count="23" type="stmt"/>
        <line num="140" count="23" type="stmt"/>
        <line num="141" count="23" type="stmt"/>
        <line num="142" count="23" type="stmt"/>
        <line num="143" count="23" type="stmt"/>
        <line num="144" count="23" type="stmt"/>
        <line num="145" count="23" type="stmt"/>
        <line num="146" count="23" type="stmt"/>
        <line num="147" count="23" type="stmt"/>
        <line num="148" count="23" type="cond" truecount="1" falsecount="0"/>
        <line num="149" count="23" type="stmt"/>
        <line num="152" count="23" type="stmt"/>
        <line num="153" count="23" type="stmt"/>
        <line num="154" count="23" type="stmt"/>
        <line num="155" count="23" type="stmt"/>
        <line num="156" count="23" type="stmt"/>
        <line num="157" count="23" type="stmt"/>
        <line num="158" count="23" type="cond" truecount="1" falsecount="0"/>
        <line num="159" count="23" type="stmt"/>
        <line num="162" count="23" type="stmt"/>
        <line num="163" count="23" type="stmt"/>
        <line num="164" count="23" type="stmt"/>
        <line num="165" count="23" type="stmt"/>
        <line num="166" count="23" type="stmt"/>
        <line num="167" count="23" type="stmt"/>
        <line num="168" count="23" type="cond" truecount="1" falsecount="0"/>
        <line num="169" count="23" type="stmt"/>
        <line num="172" count="23" type="stmt"/>
        <line num="173" count="23" type="stmt"/>
        <line num="174" count="23" type="stmt"/>
        <line num="175" count="23" type="stmt"/>
        <line num="180" count="23" type="stmt"/>
        <line num="181" count="23" type="stmt"/>
        <line num="182" count="23" type="stmt"/>
        <line num="183" count="23" type="stmt"/>
        <line num="184" count="23" type="stmt"/>
        <line num="185" count="23" type="cond" truecount="1" falsecount="0"/>
        <line num="186" count="23" type="stmt"/>
        <line num="188" count="23" type="stmt"/>
        <line num="190" count="23" type="stmt"/>
        <line num="191" count="23" type="stmt"/>
        <line num="192" count="23" type="cond" truecount="2" falsecount="0"/>
        <line num="193" count="15" type="stmt"/>
        <line num="194" count="15" type="stmt"/>
        <line num="195" count="15" type="stmt"/>
        <line num="196" count="15" type="stmt"/>
        <line num="197" count="15" type="stmt"/>
        <line num="198" count="15" type="stmt"/>
        <line num="199" count="15" type="cond" truecount="1" falsecount="0"/>
        <line num="200" count="15" type="stmt"/>
        <line num="203" count="15" type="stmt"/>
        <line num="204" count="15" type="stmt"/>
        <line num="205" count="15" type="stmt"/>
        <line num="206" count="15" type="stmt"/>
        <line num="207" count="15" type="stmt"/>
        <line num="208" count="15" type="cond" truecount="1" falsecount="0"/>
        <line num="209" count="15" type="stmt"/>
        <line num="212" count="15" type="stmt"/>
        <line num="213" count="15" type="stmt"/>
        <line num="214" count="15" type="stmt"/>
        <line num="215" count="15" type="stmt"/>
        <line num="216" count="15" type="stmt"/>
        <line num="217" count="15" type="cond" truecount="1" falsecount="0"/>
        <line num="218" count="15" type="stmt"/>
        <line num="222" count="15" type="stmt"/>
        <line num="223" count="15" type="stmt"/>
        <line num="224" count="15" type="stmt"/>
        <line num="225" count="15" type="stmt"/>
        <line num="226" count="15" type="stmt"/>
        <line num="227" count="15" type="stmt"/>
        <line num="228" count="15" type="cond" truecount="1" falsecount="0"/>
        <line num="229" count="15" type="stmt"/>
        <line num="230" count="15" type="stmt"/>
        <line num="235" count="15" type="stmt"/>
        <line num="236" count="15" type="stmt"/>
        <line num="237" count="15" type="stmt"/>
        <line num="238" count="15" type="stmt"/>
        <line num="239" count="15" type="stmt"/>
        <line num="240" count="15" type="cond" truecount="1" falsecount="0"/>
        <line num="241" count="15" type="stmt"/>
        <line num="243" count="15" type="stmt"/>
        <line num="244" count="15" type="stmt"/>
        <line num="245" count="15" type="stmt"/>
        <line num="246" count="15" type="stmt"/>
        <line num="247" count="15" type="cond" truecount="1" falsecount="0"/>
        <line num="248" count="15" type="stmt"/>
        <line num="250" count="15" type="stmt"/>
        <line num="251" count="15" type="cond" truecount="1" falsecount="0"/>
        <line num="252" count="15" type="stmt"/>
        <line num="253" count="15" type="stmt"/>
        <line num="258" count="15" type="stmt"/>
        <line num="259" count="15" type="stmt"/>
        <line num="260" count="15" type="stmt"/>
        <line num="261" count="15" type="stmt"/>
        <line num="266" count="23" type="stmt"/>
        <line num="267" count="23" type="stmt"/>
        <line num="268" count="23" type="stmt"/>
        <line num="269" count="23" type="stmt"/>
        <line num="272" count="23" type="stmt"/>
        <line num="273" count="23" type="stmt"/>
        <line num="274" count="23" type="cond" truecount="1" falsecount="0"/>
        <line num="275" count="23" type="stmt"/>
        <line num="276" count="23" type="stmt"/>
        <line num="287" count="23" type="stmt"/>
        <line num="288" count="23" type="stmt"/>
        <line num="289" count="23" type="stmt"/>
        <line num="290" count="23" type="stmt"/>
        <line num="291" count="23" type="stmt"/>
        <line num="292" count="23" type="stmt"/>
        <line num="293" count="23" type="stmt"/>
        <line num="294" count="23" type="stmt"/>
        <line num="295" count="23" type="cond" truecount="1" falsecount="0"/>
        <line num="296" count="23" type="stmt"/>
        <line num="298" count="23" type="stmt"/>
        <line num="299" count="23" type="stmt"/>
        <line num="300" count="23" type="stmt"/>
        <line num="301" count="23" type="stmt"/>
        <line num="302" count="23" type="cond" truecount="1" falsecount="0"/>
        <line num="303" count="23" type="stmt"/>
        <line num="305" count="23" type="stmt"/>
        <line num="306" count="23" type="stmt"/>
        <line num="307" count="23" type="stmt"/>
        <line num="308" count="23" type="cond" truecount="1" falsecount="0"/>
        <line num="309" count="23" type="stmt"/>
        <line num="311" count="23" type="stmt"/>
        <line num="312" count="23" type="stmt"/>
        <line num="314" count="23" type="stmt"/>
        <line num="315" count="23" type="stmt"/>
        <line num="316" count="23" type="stmt"/>
        <line num="317" count="23" type="stmt"/>
        <line num="318" count="23" type="cond" truecount="1" falsecount="0"/>
        <line num="319" count="23" type="stmt"/>
        <line num="322" count="23" type="stmt"/>
        <line num="323" count="23" type="stmt"/>
        <line num="324" count="23" type="stmt"/>
        <line num="325" count="23" type="stmt"/>
        <line num="329" count="23" type="stmt"/>
        <line num="330" count="23" type="stmt"/>
        <line num="331" count="23" type="stmt"/>
        <line num="332" count="23" type="stmt"/>
        <line num="333" count="23" type="stmt"/>
        <line num="334" count="23" type="stmt"/>
        <line num="335" count="23" type="cond" truecount="2" falsecount="0"/>
        <line num="345" count="23" type="stmt"/>
      </file>
      <file name="CartPage.tsx" path="D:\advance\dreamcode\OPENSOURCE\HP_SHIM\front_2nd\packages\assignment-6\src\components\CartPage.tsx">
        <metrics statements="167" coveredstatements="164" conditionals="48" coveredconditionals="45" methods="14" coveredmethods="11"/>
        <line num="1" count="1" type="stmt"/>
        <line num="9" count="1" type="cond" truecount="1" falsecount="0"/>
        <line num="10" count="43" type="stmt"/>
        <line num="11" count="43" type="stmt"/>
        <line num="14" count="43" type="cond" truecount="1" falsecount="0"/>
        <line num="15" count="22" type="stmt"/>
        <line num="16" count="22" type="cond" truecount="0" falsecount="1"/>
        <line num="18" count="22" type="cond" truecount="1" falsecount="0"/>
        <line num="19" count="22" type="cond" truecount="1" falsecount="0"/>
        <line num="20" count="22" type="cond" truecount="1" falsecount="0"/>
        <line num="21" count="19" type="cond" truecount="1" falsecount="0"/>
        <line num="22" count="19" type="stmt"/>
        <line num="23" count="19" type="cond" truecount="0" falsecount="1"/>
        <line num="24" count="0" type="stmt"/>
        <line num="26" count="19" type="cond" truecount="1" falsecount="0"/>
        <line num="27" count="3" type="stmt"/>
        <line num="28" count="3" type="stmt"/>
        <line num="29" count="22" type="stmt"/>
        <line num="31" count="43" type="stmt"/>
        <line num="32" count="0" type="stmt"/>
        <line num="33" count="0" type="stmt"/>
        <line num="35" count="43" type="cond" truecount="1" falsecount="0"/>
        <line num="36" count="18" type="cond" truecount="1" falsecount="0"/>
        <line num="37" count="18" type="cond" truecount="1" falsecount="0"/>
        <line num="38" count="54" type="cond" truecount="1" falsecount="0"/>
        <line num="39" count="18" type="stmt"/>
        <line num="40" count="18" type="stmt"/>
        <line num="41" count="18" type="cond" truecount="0" falsecount="1"/>
        <line num="42" count="18" type="cond" truecount="1" falsecount="0"/>
        <line num="43" count="36" type="stmt"/>
        <line num="44" count="18" type="cond" truecount="1" falsecount="0"/>
        <line num="46" count="18" type="stmt"/>
        <line num="48" count="43" type="cond" truecount="1" falsecount="0"/>
        <line num="49" count="43" type="stmt"/>
        <line num="50" count="43" type="stmt"/>
        <line num="52" count="43" type="cond" truecount="1" falsecount="0"/>
        <line num="53" count="85" type="stmt"/>
        <line num="54" count="85" type="stmt"/>
        <line num="55" count="85" type="stmt"/>
        <line num="57" count="85" type="cond" truecount="1" falsecount="0"/>
        <line num="58" count="85" type="cond" truecount="3" falsecount="0"/>
        <line num="59" count="85" type="stmt"/>
        <line num="61" count="85" type="stmt"/>
        <line num="62" count="85" type="stmt"/>
        <line num="64" count="43" type="stmt"/>
        <line num="66" count="43" type="stmt"/>
        <line num="67" count="43" type="cond" truecount="1" falsecount="0"/>
        <line num="68" count="2" type="cond" truecount="1" falsecount="0"/>
        <line num="69" count="1" type="stmt"/>
        <line num="70" count="1" type="stmt"/>
        <line num="71" count="1" type="stmt"/>
        <line num="72" count="1" type="stmt"/>
        <line num="73" count="2" type="stmt"/>
        <line num="74" count="2" type="stmt"/>
        <line num="76" count="43" type="stmt"/>
        <line num="77" count="43" type="stmt"/>
        <line num="78" count="43" type="stmt"/>
        <line num="79" count="43" type="stmt"/>
        <line num="80" count="43" type="stmt"/>
        <line num="81" count="43" type="stmt"/>
        <line num="84" count="43" type="cond" truecount="1" falsecount="0"/>
        <line num="85" count="129" type="cond" truecount="1" falsecount="0"/>
        <line num="86" count="129" type="stmt"/>
        <line num="88" count="43" type="cond" truecount="1" falsecount="0"/>
        <line num="89" count="151" type="cond" truecount="1" falsecount="0"/>
        <line num="90" count="151" type="cond" truecount="2" falsecount="0"/>
        <line num="91" count="151" type="stmt"/>
        <line num="93" count="43" type="stmt"/>
        <line num="95" count="43" type="cond" truecount="1" falsecount="0"/>
        <line num="96" count="85" type="stmt"/>
        <line num="97" count="85" type="stmt"/>
        <line num="98" count="85" type="stmt"/>
        <line num="99" count="85" type="stmt"/>
        <line num="100" count="85" type="cond" truecount="1" falsecount="0"/>
        <line num="101" count="40" type="stmt"/>
        <line num="102" count="40" type="stmt"/>
        <line num="103" count="85" type="stmt"/>
        <line num="104" count="85" type="stmt"/>
        <line num="105" count="85" type="stmt"/>
        <line num="107" count="43" type="cond" truecount="1" falsecount="0"/>
        <line num="108" count="2" type="stmt"/>
        <line num="109" count="2" type="stmt"/>
        <line num="111" count="43" type="stmt"/>
        <line num="112" count="43" type="stmt"/>
        <line num="113" count="43" type="stmt"/>
        <line num="114" count="43" type="stmt"/>
        <line num="115" count="43" type="stmt"/>
        <line num="116" count="43" type="stmt"/>
        <line num="117" count="43" type="stmt"/>
        <line num="118" count="43" type="cond" truecount="1" falsecount="0"/>
        <line num="119" count="129" type="stmt"/>
        <line num="120" count="129" type="stmt"/>
        <line num="121" count="129" type="stmt"/>
        <line num="122" count="129" type="stmt"/>
        <line num="123" count="129" type="stmt"/>
        <line num="124" count="129" type="stmt"/>
        <line num="126" count="129" type="stmt"/>
        <line num="127" count="129" type="cond" truecount="2" falsecount="0"/>
        <line num="128" count="129" type="stmt"/>
        <line num="130" count="129" type="stmt"/>
        <line num="131" count="129" type="stmt"/>
        <line num="132" count="129" type="stmt"/>
        <line num="136" count="129" type="stmt"/>
        <line num="137" count="129" type="stmt"/>
        <line num="138" count="129" type="stmt"/>
        <line num="139" count="129" type="stmt"/>
        <line num="140" count="129" type="stmt"/>
        <line num="145" count="129" type="stmt"/>
        <line num="146" count="129" type="cond" truecount="1" falsecount="0"/>
        <line num="147" count="129" type="stmt"/>
        <line num="148" count="129" type="cond" truecount="1" falsecount="0"/>
        <line num="149" count="106" type="cond" truecount="1" falsecount="0"/>
        <line num="150" count="23" type="stmt"/>
        <line num="151" count="129" type="stmt"/>
        <line num="152" count="129" type="stmt"/>
        <line num="154" count="129" type="cond" truecount="2" falsecount="0"/>
        <line num="158" count="129" type="stmt"/>
        <line num="161" count="43" type="stmt"/>
        <line num="162" count="43" type="stmt"/>
        <line num="164" count="43" type="stmt"/>
        <line num="165" count="43" type="cond" truecount="1" falsecount="0"/>
        <line num="166" count="85" type="stmt"/>
        <line num="167" count="85" type="stmt"/>
        <line num="168" count="85" type="stmt"/>
        <line num="169" count="85" type="stmt"/>
        <line num="170" count="85" type="stmt"/>
        <line num="171" count="85" type="stmt"/>
        <line num="172" count="85" type="stmt"/>
        <line num="173" count="85" type="stmt"/>
        <line num="174" count="85" type="stmt"/>
        <line num="175" count="85" type="stmt"/>
        <line num="176" count="85" type="stmt"/>
        <line num="181" count="85" type="stmt"/>
        <line num="182" count="85" type="stmt"/>
        <line num="183" count="85" type="stmt"/>
        <line num="184" count="85" type="stmt"/>
        <line num="185" count="85" type="stmt"/>
        <line num="188" count="85" type="stmt"/>
        <line num="189" count="85" type="cond" truecount="1" falsecount="0"/>
        <line num="190" count="85" type="stmt"/>
        <line num="191" count="85" type="stmt"/>
        <line num="194" count="85" type="stmt"/>
        <line num="195" count="85" type="stmt"/>
        <line num="196" count="85" type="stmt"/>
        <line num="197" count="85" type="stmt"/>
        <line num="203" count="85" type="stmt"/>
        <line num="206" count="43" type="stmt"/>
        <line num="207" count="43" type="stmt"/>
        <line num="208" count="43" type="stmt"/>
        <line num="209" count="43" type="cond" truecount="1" falsecount="0"/>
        <line num="210" count="43" type="stmt"/>
        <line num="212" count="43" type="stmt"/>
        <line num="213" count="43" type="stmt"/>
        <line num="214" count="43" type="stmt"/>
        <line num="215" count="43" type="cond" truecount="2" falsecount="0"/>
        <line num="219" count="43" type="stmt"/>
        <line num="220" count="43" type="stmt"/>
        <line num="221" count="43" type="stmt"/>
        <line num="222" count="43" type="cond" truecount="2" falsecount="0"/>
        <line num="227" count="43" type="stmt"/>
        <line num="228" count="43" type="stmt"/>
        <line num="229" count="43" type="stmt"/>
        <line num="230" count="43" type="stmt"/>
        <line num="231" count="43" type="stmt"/>
        <line num="232" count="43" type="stmt"/>
        <line num="233" count="43" type="stmt"/>
        <line num="241" count="43" type="stmt"/>
      </file>
    </package>
  </project>
</coverage>
