{"D:\\advance\\dreamcode\\ASSIGNMENT6_TEST\\front_2nd\\packages\\assignment-6\\src\\App.tsx": {"path":"D:\\advance\\dreamcode\\ASSIGNMENT6_TEST\\front_2nd\\packages\\assignment-6\\src\\App.tsx","all":true,"statementMap":{"0":{"start":{"line":1,"column":0},"end":{"line":1,"column":33}},"1":{"start":{"line":2,"column":0},"end":{"line":2,"column":53}},"2":{"start":{"line":3,"column":0},"end":{"line":3,"column":55}},"5":{"start":{"line":6,"column":0},"end":{"line":6,"column":36}},"6":{"start":{"line":7,"column":0},"end":{"line":7,"column":3}},"7":{"start":{"line":8,"column":0},"end":{"line":8,"column":13}},"8":{"start":{"line":9,"column":0},"end":{"line":9,"column":16}},"9":{"start":{"line":10,"column":0},"end":{"line":10,"column":17}},"10":{"start":{"line":11,"column":0},"end":{"line":11,"column":14}},"11":{"start":{"line":12,"column":0},"end":{"line":12,"column":16}},"12":{"start":{"line":13,"column":0},"end":{"line":13,"column":34}},"13":{"start":{"line":14,"column":0},"end":{"line":14,"column":34}},"14":{"start":{"line":15,"column":0},"end":{"line":15,"column":6}},"15":{"start":{"line":16,"column":0},"end":{"line":16,"column":4}},"16":{"start":{"line":17,"column":0},"end":{"line":17,"column":3}},"17":{"start":{"line":18,"column":0},"end":{"line":18,"column":13}},"18":{"start":{"line":19,"column":0},"end":{"line":19,"column":16}},"19":{"start":{"line":20,"column":0},"end":{"line":20,"column":17}},"20":{"start":{"line":21,"column":0},"end":{"line":21,"column":14}},"21":{"start":{"line":22,"column":0},"end":{"line":22,"column":46}},"22":{"start":{"line":23,"column":0},"end":{"line":23,"column":4}},"23":{"start":{"line":24,"column":0},"end":{"line":24,"column":3}},"24":{"start":{"line":25,"column":0},"end":{"line":25,"column":13}},"25":{"start":{"line":26,"column":0},"end":{"line":26,"column":16}},"26":{"start":{"line":27,"column":0},"end":{"line":27,"column":17}},"27":{"start":{"line":28,"column":0},"end":{"line":28,"column":14}},"28":{"start":{"line":29,"column":0},"end":{"line":29,"column":45}},"29":{"start":{"line":30,"column":0},"end":{"line":30,"column":4}},"30":{"start":{"line":31,"column":0},"end":{"line":31,"column":2}},"32":{"start":{"line":33,"column":0},"end":{"line":33,"column":34}},"33":{"start":{"line":34,"column":0},"end":{"line":34,"column":3}},"34":{"start":{"line":35,"column":0},"end":{"line":35,"column":24}},"35":{"start":{"line":36,"column":0},"end":{"line":36,"column":23}},"36":{"start":{"line":37,"column":0},"end":{"line":37,"column":27}},"37":{"start":{"line":38,"column":0},"end":{"line":38,"column":24}},"38":{"start":{"line":39,"column":0},"end":{"line":39,"column":4}},"39":{"start":{"line":40,"column":0},"end":{"line":40,"column":3}},"40":{"start":{"line":41,"column":0},"end":{"line":41,"column":22}},"41":{"start":{"line":42,"column":0},"end":{"line":42,"column":22}},"42":{"start":{"line":43,"column":0},"end":{"line":43,"column":31}},"43":{"start":{"line":44,"column":0},"end":{"line":44,"column":22}},"44":{"start":{"line":45,"column":0},"end":{"line":45,"column":4}},"45":{"start":{"line":46,"column":0},"end":{"line":46,"column":2}},"47":{"start":{"line":48,"column":0},"end":{"line":48,"column":19}},"48":{"start":{"line":49,"column":0},"end":{"line":49,"column":71}},"49":{"start":{"line":50,"column":0},"end":{"line":50,"column":67}},"50":{"start":{"line":51,"column":0},"end":{"line":51,"column":48}},"52":{"start":{"line":53,"column":0},"end":{"line":53,"column":60}},"53":{"start":{"line":54,"column":0},"end":{"line":54,"column":110}},"54":{"start":{"line":55,"column":0},"end":{"line":55,"column":4}},"56":{"start":{"line":57,"column":0},"end":{"line":57,"column":53}},"57":{"start":{"line":58,"column":0},"end":{"line":58,"column":65}},"58":{"start":{"line":59,"column":0},"end":{"line":59,"column":4}},"60":{"start":{"line":61,"column":0},"end":{"line":61,"column":50}},"61":{"start":{"line":62,"column":0},"end":{"line":62,"column":61}},"62":{"start":{"line":63,"column":0},"end":{"line":63,"column":4}},"64":{"start":{"line":65,"column":0},"end":{"line":65,"column":10}},"65":{"start":{"line":66,"column":0},"end":{"line":66,"column":46}},"66":{"start":{"line":67,"column":0},"end":{"line":67,"column":50}},"67":{"start":{"line":68,"column":0},"end":{"line":68,"column":77}},"68":{"start":{"line":69,"column":0},"end":{"line":69,"column":64}},"69":{"start":{"line":70,"column":0},"end":{"line":70,"column":126}},"70":{"start":{"line":71,"column":0},"end":{"line":71,"column":48}},"74":{"start":{"line":75,"column":0},"end":{"line":75,"column":47}},"75":{"start":{"line":76,"column":0},"end":{"line":76,"column":20}},"76":{"start":{"line":77,"column":0},"end":{"line":77,"column":20}},"77":{"start":{"line":78,"column":0},"end":{"line":78,"column":31}},"78":{"start":{"line":79,"column":0},"end":{"line":79,"column":29}},"79":{"start":{"line":80,"column":0},"end":{"line":80,"column":49}},"80":{"start":{"line":81,"column":0},"end":{"line":81,"column":43}},"81":{"start":{"line":82,"column":0},"end":{"line":82,"column":41}},"84":{"start":{"line":85,"column":0},"end":{"line":85,"column":60}},"89":{"start":{"line":90,"column":0},"end":{"line":90,"column":2}},"91":{"start":{"line":92,"column":0},"end":{"line":92,"column":19}}},"s":{"0":0,"1":0,"2":0,"5":0,"6":0,"7":0,"8":0,"9":0,"10":0,"11":0,"12":0,"13":0,"14":0,"15":0,"16":0,"17":0,"18":0,"19":0,"20":0,"21":0,"22":0,"23":0,"24":0,"25":0,"26":0,"27":0,"28":0,"29":0,"30":0,"32":0,"33":0,"34":0,"35":0,"36":0,"37":0,"38":0,"39":0,"40":0,"41":0,"42":0,"43":0,"44":0,"45":0,"47":0,"48":0,"49":0,"50":0,"52":0,"53":0,"54":0,"56":0,"57":0,"58":0,"60":0,"61":0,"62":0,"64":0,"65":0,"66":0,"67":0,"68":0,"69":0,"70":0,"74":0,"75":0,"76":0,"77":0,"78":0,"79":0,"80":0,"81":0,"84":0,"89":0,"91":0},"branchMap":{"0":{"type":"branch","line":1,"loc":{"start":{"line":1,"column":0},"end":{"line":92,"column":-803}},"locations":[{"start":{"line":1,"column":0},"end":{"line":92,"column":-803}}]}},"b":{"0":[0]},"fnMap":{"0":{"name":"(empty-report)","decl":{"start":{"line":1,"column":0},"end":{"line":92,"column":-803}},"loc":{"start":{"line":1,"column":0},"end":{"line":92,"column":-803}},"line":1}},"f":{"0":0}}
,"D:\\advance\\dreamcode\\ASSIGNMENT6_TEST\\front_2nd\\packages\\assignment-6\\src\\forLintError.ts": {"path":"D:\\advance\\dreamcode\\ASSIGNMENT6_TEST\\front_2nd\\packages\\assignment-6\\src\\forLintError.ts","all":true,"statementMap":{"0":{"start":{"line":1,"column":0},"end":{"line":1,"column":32}},"1":{"start":{"line":2,"column":0},"end":{"line":2,"column":41}},"2":{"start":{"line":3,"column":0},"end":{"line":3,"column":1}}},"s":{"0":0,"1":0,"2":0},"branchMap":{"0":{"type":"branch","line":1,"loc":{"start":{"line":1,"column":78},"end":{"line":3,"column":1}},"locations":[{"start":{"line":1,"column":78},"end":{"line":3,"column":1}}]}},"b":{"0":[0]},"fnMap":{"0":{"name":"(empty-report)","decl":{"start":{"line":1,"column":78},"end":{"line":3,"column":1}},"loc":{"start":{"line":1,"column":78},"end":{"line":3,"column":1}},"line":1}},"f":{"0":0}}
,"D:\\advance\\dreamcode\\ASSIGNMENT6_TEST\\front_2nd\\packages\\assignment-6\\src\\main.tsx": {"path":"D:\\advance\\dreamcode\\ASSIGNMENT6_TEST\\front_2nd\\packages\\assignment-6\\src\\main.tsx","all":true,"statementMap":{"0":{"start":{"line":1,"column":0},"end":{"line":1,"column":25}},"1":{"start":{"line":2,"column":0},"end":{"line":2,"column":39}},"2":{"start":{"line":3,"column":0},"end":{"line":3,"column":27}},"6":{"start":{"line":7,"column":0},"end":{"line":7,"column":61}},"7":{"start":{"line":8,"column":0},"end":{"line":8,"column":20}},"8":{"start":{"line":9,"column":0},"end":{"line":9,"column":11}}},"s":{"0":0,"1":0,"2":0,"6":0,"7":0,"8":0},"branchMap":{"0":{"type":"branch","line":1,"loc":{"start":{"line":1,"column":274},"end":{"line":11,"column":1}},"locations":[{"start":{"line":1,"column":274},"end":{"line":11,"column":1}}]}},"b":{"0":[0]},"fnMap":{"0":{"name":"(empty-report)","decl":{"start":{"line":1,"column":274},"end":{"line":11,"column":1}},"loc":{"start":{"line":1,"column":274},"end":{"line":11,"column":1}},"line":1}},"f":{"0":0}}
,"D:\\advance\\dreamcode\\ASSIGNMENT6_TEST\\front_2nd\\packages\\assignment-6\\src\\types.ts": {"path":"D:\\advance\\dreamcode\\ASSIGNMENT6_TEST\\front_2nd\\packages\\assignment-6\\src\\types.ts","all":true,"statementMap":{"23":{"start":{"line":24,"column":0},"end":{"line":24,"column":1}}},"s":{"23":0},"branchMap":{"0":{"type":"branch","line":1,"loc":{"start":{"line":1,"column":405},"end":{"line":24,"column":1}},"locations":[{"start":{"line":1,"column":405},"end":{"line":24,"column":1}}]}},"b":{"0":[1]},"fnMap":{"0":{"name":"(empty-report)","decl":{"start":{"line":1,"column":405},"end":{"line":24,"column":1}},"loc":{"start":{"line":1,"column":405},"end":{"line":24,"column":1}},"line":1}},"f":{"0":1}}
,"D:\\advance\\dreamcode\\ASSIGNMENT6_TEST\\front_2nd\\packages\\assignment-6\\src\\components\\AdminPage.tsx": {"path":"D:\\advance\\dreamcode\\ASSIGNMENT6_TEST\\front_2nd\\packages\\assignment-6\\src\\components\\AdminPage.tsx","all":false,"statementMap":{"0":{"start":{"line":1,"column":0},"end":{"line":1,"column":33}},"11":{"start":{"line":12,"column":0},"end":{"line":12,"column":104}},"12":{"start":{"line":13,"column":0},"end":{"line":13,"column":79}},"13":{"start":{"line":14,"column":0},"end":{"line":14,"column":77}},"14":{"start":{"line":15,"column":0},"end":{"line":15,"column":85}},"15":{"start":{"line":16,"column":0},"end":{"line":16,"column":54}},"16":{"start":{"line":17,"column":0},"end":{"line":17,"column":13}},"17":{"start":{"line":18,"column":0},"end":{"line":18,"column":13}},"18":{"start":{"line":19,"column":0},"end":{"line":19,"column":31}},"19":{"start":{"line":20,"column":0},"end":{"line":20,"column":20}},"20":{"start":{"line":21,"column":0},"end":{"line":21,"column":5}},"21":{"start":{"line":22,"column":0},"end":{"line":22,"column":70}},"22":{"start":{"line":23,"column":0},"end":{"line":23,"column":69}},"23":{"start":{"line":24,"column":0},"end":{"line":24,"column":13}},"24":{"start":{"line":25,"column":0},"end":{"line":25,"column":13}},"25":{"start":{"line":26,"column":0},"end":{"line":26,"column":13}},"26":{"start":{"line":27,"column":0},"end":{"line":27,"column":17}},"27":{"start":{"line":28,"column":0},"end":{"line":28,"column":5}},"29":{"start":{"line":30,"column":0},"end":{"line":30,"column":57}},"30":{"start":{"line":31,"column":0},"end":{"line":31,"column":31}},"31":{"start":{"line":32,"column":0},"end":{"line":32,"column":35}},"32":{"start":{"line":33,"column":0},"end":{"line":33,"column":34}},"33":{"start":{"line":34,"column":0},"end":{"line":34,"column":33}},"34":{"start":{"line":35,"column":0},"end":{"line":35,"column":14}},"35":{"start":{"line":36,"column":0},"end":{"line":36,"column":30}},"36":{"start":{"line":37,"column":0},"end":{"line":37,"column":7}},"37":{"start":{"line":38,"column":0},"end":{"line":38,"column":20}},"38":{"start":{"line":39,"column":0},"end":{"line":39,"column":7}},"39":{"start":{"line":40,"column":0},"end":{"line":40,"column":4}},"41":{"start":{"line":42,"column":0},"end":{"line":42,"column":28}},"42":{"start":{"line":43,"column":0},"end":{"line":43,"column":51}},"43":{"start":{"line":44,"column":0},"end":{"line":44,"column":36}},"44":{"start":{"line":45,"column":0},"end":{"line":45,"column":4}},"46":{"start":{"line":47,"column":0},"end":{"line":47,"column":18}},"47":{"start":{"line":48,"column":0},"end":{"line":48,"column":75}},"48":{"start":{"line":49,"column":0},"end":{"line":49,"column":60}},"49":{"start":{"line":50,"column":0},"end":{"line":50,"column":66}},"50":{"start":{"line":51,"column":0},"end":{"line":51,"column":40}},"51":{"start":{"line":52,"column":0},"end":{"line":52,"column":5}},"52":{"start":{"line":53,"column":0},"end":{"line":53,"column":4}},"54":{"start":{"line":55,"column":0},"end":{"line":55,"column":18}},"55":{"start":{"line":56,"column":0},"end":{"line":56,"column":70}},"56":{"start":{"line":57,"column":0},"end":{"line":57,"column":60}},"57":{"start":{"line":58,"column":0},"end":{"line":58,"column":68}},"58":{"start":{"line":59,"column":0},"end":{"line":59,"column":40}},"59":{"start":{"line":60,"column":0},"end":{"line":60,"column":5}},"60":{"start":{"line":61,"column":0},"end":{"line":61,"column":4}},"62":{"start":{"line":63,"column":0},"end":{"line":63,"column":20}},"63":{"start":{"line":64,"column":0},"end":{"line":64,"column":36}},"64":{"start":{"line":65,"column":0},"end":{"line":65,"column":25}},"65":{"start":{"line":66,"column":0},"end":{"line":66,"column":38}},"66":{"start":{"line":67,"column":0},"end":{"line":67,"column":30}},"67":{"start":{"line":68,"column":0},"end":{"line":68,"column":5}},"68":{"start":{"line":69,"column":0},"end":{"line":69,"column":4}},"70":{"start":{"line":71,"column":0},"end":{"line":71,"column":70}},"71":{"start":{"line":72,"column":0},"end":{"line":72,"column":66}},"72":{"start":{"line":73,"column":0},"end":{"line":73,"column":25}},"73":{"start":{"line":74,"column":0},"end":{"line":74,"column":64}},"74":{"start":{"line":75,"column":0},"end":{"line":75,"column":34}},"75":{"start":{"line":76,"column":0},"end":{"line":76,"column":36}},"76":{"start":{"line":77,"column":0},"end":{"line":77,"column":5}},"77":{"start":{"line":78,"column":0},"end":{"line":78,"column":4}},"79":{"start":{"line":80,"column":0},"end":{"line":80,"column":52}},"80":{"start":{"line":81,"column":0},"end":{"line":81,"column":66}},"81":{"start":{"line":82,"column":0},"end":{"line":82,"column":43}},"82":{"start":{"line":83,"column":0},"end":{"line":83,"column":26}},"83":{"start":{"line":84,"column":0},"end":{"line":84,"column":26}},"84":{"start":{"line":85,"column":0},"end":{"line":85,"column":61}},"85":{"start":{"line":86,"column":0},"end":{"line":86,"column":8}},"86":{"start":{"line":87,"column":0},"end":{"line":87,"column":34}},"87":{"start":{"line":88,"column":0},"end":{"line":88,"column":36}},"88":{"start":{"line":89,"column":0},"end":{"line":89,"column":47}},"89":{"start":{"line":90,"column":0},"end":{"line":90,"column":5}},"90":{"start":{"line":91,"column":0},"end":{"line":91,"column":4}},"92":{"start":{"line":93,"column":0},"end":{"line":93,"column":70}},"93":{"start":{"line":94,"column":0},"end":{"line":94,"column":66}},"94":{"start":{"line":95,"column":0},"end":{"line":95,"column":25}},"95":{"start":{"line":96,"column":0},"end":{"line":96,"column":26}},"96":{"start":{"line":97,"column":0},"end":{"line":97,"column":26}},"97":{"start":{"line":98,"column":0},"end":{"line":98,"column":73}},"98":{"start":{"line":99,"column":0},"end":{"line":99,"column":8}},"99":{"start":{"line":100,"column":0},"end":{"line":100,"column":34}},"100":{"start":{"line":101,"column":0},"end":{"line":101,"column":36}},"101":{"start":{"line":102,"column":0},"end":{"line":102,"column":5}},"102":{"start":{"line":103,"column":0},"end":{"line":103,"column":4}},"104":{"start":{"line":105,"column":0},"end":{"line":105,"column":33}},"105":{"start":{"line":106,"column":0},"end":{"line":106,"column":27}},"106":{"start":{"line":107,"column":0},"end":{"line":107,"column":18}},"107":{"start":{"line":108,"column":0},"end":{"line":108,"column":15}},"108":{"start":{"line":109,"column":0},"end":{"line":109,"column":15}},"109":{"start":{"line":110,"column":0},"end":{"line":110,"column":33}},"110":{"start":{"line":111,"column":0},"end":{"line":111,"column":22}},"111":{"start":{"line":112,"column":0},"end":{"line":112,"column":7}},"112":{"start":{"line":113,"column":0},"end":{"line":113,"column":4}},"114":{"start":{"line":115,"column":0},"end":{"line":115,"column":37}},"115":{"start":{"line":116,"column":0},"end":{"line":116,"column":71}},"116":{"start":{"line":117,"column":0},"end":{"line":117,"column":32}},"117":{"start":{"line":118,"column":0},"end":{"line":118,"column":19}},"118":{"start":{"line":119,"column":0},"end":{"line":119,"column":15}},"119":{"start":{"line":120,"column":0},"end":{"line":120,"column":15}},"120":{"start":{"line":121,"column":0},"end":{"line":121,"column":15}},"121":{"start":{"line":122,"column":0},"end":{"line":122,"column":19}},"122":{"start":{"line":123,"column":0},"end":{"line":123,"column":7}},"123":{"start":{"line":124,"column":0},"end":{"line":124,"column":33}},"124":{"start":{"line":125,"column":0},"end":{"line":125,"column":4}},"126":{"start":{"line":127,"column":0},"end":{"line":127,"column":10}},"127":{"start":{"line":128,"column":0},"end":{"line":128,"column":43}},"128":{"start":{"line":129,"column":0},"end":{"line":129,"column":58}},"129":{"start":{"line":130,"column":0},"end":{"line":130,"column":61}},"130":{"start":{"line":131,"column":0},"end":{"line":131,"column":13}},"131":{"start":{"line":132,"column":0},"end":{"line":132,"column":64}},"132":{"start":{"line":133,"column":0},"end":{"line":133,"column":17}},"133":{"start":{"line":134,"column":0},"end":{"line":134,"column":70}},"134":{"start":{"line":135,"column":0},"end":{"line":135,"column":89}},"136":{"start":{"line":137,"column":0},"end":{"line":137,"column":51}},"138":{"start":{"line":139,"column":0},"end":{"line":139,"column":34}},"139":{"start":{"line":140,"column":0},"end":{"line":140,"column":62}},"140":{"start":{"line":141,"column":0},"end":{"line":141,"column":69}},"141":{"start":{"line":142,"column":0},"end":{"line":142,"column":36}},"142":{"start":{"line":143,"column":0},"end":{"line":143,"column":108}},"143":{"start":{"line":144,"column":0},"end":{"line":144,"column":22}},"144":{"start":{"line":145,"column":0},"end":{"line":145,"column":34}},"145":{"start":{"line":146,"column":0},"end":{"line":146,"column":29}},"146":{"start":{"line":147,"column":0},"end":{"line":147,"column":41}},"147":{"start":{"line":148,"column":0},"end":{"line":148,"column":90}},"148":{"start":{"line":149,"column":0},"end":{"line":149,"column":55}},"151":{"start":{"line":152,"column":0},"end":{"line":152,"column":36}},"152":{"start":{"line":153,"column":0},"end":{"line":153,"column":108}},"153":{"start":{"line":154,"column":0},"end":{"line":154,"column":22}},"154":{"start":{"line":155,"column":0},"end":{"line":155,"column":35}},"155":{"start":{"line":156,"column":0},"end":{"line":156,"column":31}},"156":{"start":{"line":157,"column":0},"end":{"line":157,"column":42}},"157":{"start":{"line":158,"column":0},"end":{"line":158,"column":101}},"158":{"start":{"line":159,"column":0},"end":{"line":159,"column":55}},"161":{"start":{"line":162,"column":0},"end":{"line":162,"column":36}},"162":{"start":{"line":163,"column":0},"end":{"line":163,"column":108}},"163":{"start":{"line":164,"column":0},"end":{"line":164,"column":22}},"164":{"start":{"line":165,"column":0},"end":{"line":165,"column":35}},"165":{"start":{"line":166,"column":0},"end":{"line":166,"column":31}},"166":{"start":{"line":167,"column":0},"end":{"line":167,"column":42}},"167":{"start":{"line":168,"column":0},"end":{"line":168,"column":101}},"168":{"start":{"line":169,"column":0},"end":{"line":169,"column":55}},"171":{"start":{"line":172,"column":0},"end":{"line":172,"column":21}},"172":{"start":{"line":173,"column":0},"end":{"line":173,"column":45}},"173":{"start":{"line":174,"column":0},"end":{"line":174,"column":87}},"174":{"start":{"line":175,"column":0},"end":{"line":175,"column":15}},"179":{"start":{"line":180,"column":0},"end":{"line":180,"column":37}},"180":{"start":{"line":181,"column":0},"end":{"line":181,"column":47}},"181":{"start":{"line":182,"column":0},"end":{"line":182,"column":113}},"182":{"start":{"line":183,"column":0},"end":{"line":183,"column":23}},"183":{"start":{"line":184,"column":0},"end":{"line":184,"column":45}},"184":{"start":{"line":185,"column":0},"end":{"line":185,"column":68}},"185":{"start":{"line":186,"column":0},"end":{"line":186,"column":60}},"187":{"start":{"line":188,"column":0},"end":{"line":188,"column":73}},"189":{"start":{"line":190,"column":0},"end":{"line":190,"column":52}},"190":{"start":{"line":191,"column":0},"end":{"line":191,"column":40}},"191":{"start":{"line":192,"column":0},"end":{"line":192,"column":75}},"192":{"start":{"line":193,"column":0},"end":{"line":193,"column":27}},"193":{"start":{"line":194,"column":0},"end":{"line":194,"column":46}},"194":{"start":{"line":195,"column":0},"end":{"line":195,"column":69}},"195":{"start":{"line":196,"column":0},"end":{"line":196,"column":32}},"196":{"start":{"line":197,"column":0},"end":{"line":197,"column":39}},"197":{"start":{"line":198,"column":0},"end":{"line":198,"column":55}},"198":{"start":{"line":199,"column":0},"end":{"line":199,"column":97}},"199":{"start":{"line":200,"column":0},"end":{"line":200,"column":65}},"202":{"start":{"line":203,"column":0},"end":{"line":203,"column":46}},"203":{"start":{"line":204,"column":0},"end":{"line":204,"column":68}},"204":{"start":{"line":205,"column":0},"end":{"line":205,"column":32}},"205":{"start":{"line":206,"column":0},"end":{"line":206,"column":41}},"206":{"start":{"line":207,"column":0},"end":{"line":207,"column":56}},"207":{"start":{"line":208,"column":0},"end":{"line":208,"column":101}},"208":{"start":{"line":209,"column":0},"end":{"line":209,"column":65}},"211":{"start":{"line":212,"column":0},"end":{"line":212,"column":46}},"212":{"start":{"line":213,"column":0},"end":{"line":213,"column":68}},"213":{"start":{"line":214,"column":0},"end":{"line":214,"column":32}},"214":{"start":{"line":215,"column":0},"end":{"line":215,"column":41}},"215":{"start":{"line":216,"column":0},"end":{"line":216,"column":56}},"216":{"start":{"line":217,"column":0},"end":{"line":217,"column":101}},"217":{"start":{"line":218,"column":0},"end":{"line":218,"column":65}},"221":{"start":{"line":222,"column":0},"end":{"line":222,"column":29}},"222":{"start":{"line":223,"column":0},"end":{"line":223,"column":79}},"223":{"start":{"line":224,"column":0},"end":{"line":224,"column":78}},"224":{"start":{"line":225,"column":0},"end":{"line":225,"column":96}},"225":{"start":{"line":226,"column":0},"end":{"line":226,"column":97}},"226":{"start":{"line":227,"column":0},"end":{"line":227,"column":37}},"227":{"start":{"line":228,"column":0},"end":{"line":228,"column":87}},"228":{"start":{"line":229,"column":0},"end":{"line":229,"column":100}},"229":{"start":{"line":230,"column":0},"end":{"line":230,"column":31}},"234":{"start":{"line":235,"column":0},"end":{"line":235,"column":58}},"235":{"start":{"line":236,"column":0},"end":{"line":236,"column":34}},"236":{"start":{"line":237,"column":0},"end":{"line":237,"column":43}},"237":{"start":{"line":238,"column":0},"end":{"line":238,"column":46}},"238":{"start":{"line":239,"column":0},"end":{"line":239,"column":58}},"239":{"start":{"line":240,"column":0},"end":{"line":240,"column":118}},"240":{"start":{"line":241,"column":0},"end":{"line":241,"column":66}},"242":{"start":{"line":243,"column":0},"end":{"line":243,"column":34}},"243":{"start":{"line":244,"column":0},"end":{"line":244,"column":43}},"244":{"start":{"line":245,"column":0},"end":{"line":245,"column":51}},"245":{"start":{"line":246,"column":0},"end":{"line":246,"column":60}},"246":{"start":{"line":247,"column":0},"end":{"line":247,"column":120}},"247":{"start":{"line":248,"column":0},"end":{"line":248,"column":66}},"249":{"start":{"line":250,"column":0},"end":{"line":250,"column":35}},"250":{"start":{"line":251,"column":0},"end":{"line":251,"column":75}},"251":{"start":{"line":252,"column":0},"end":{"line":252,"column":100}},"252":{"start":{"line":253,"column":0},"end":{"line":253,"column":29}},"257":{"start":{"line":258,"column":0},"end":{"line":258,"column":31}},"258":{"start":{"line":259,"column":0},"end":{"line":259,"column":54}},"259":{"start":{"line":260,"column":0},"end":{"line":260,"column":103}},"260":{"start":{"line":261,"column":0},"end":{"line":261,"column":25}},"265":{"start":{"line":266,"column":0},"end":{"line":266,"column":27}},"266":{"start":{"line":267,"column":0},"end":{"line":267,"column":69}},"267":{"start":{"line":268,"column":0},"end":{"line":268,"column":60}},"268":{"start":{"line":269,"column":0},"end":{"line":269,"column":95}},"271":{"start":{"line":272,"column":0},"end":{"line":272,"column":31}},"272":{"start":{"line":273,"column":0},"end":{"line":273,"column":53}},"273":{"start":{"line":274,"column":0},"end":{"line":274,"column":68}},"274":{"start":{"line":275,"column":0},"end":{"line":275,"column":101}},"275":{"start":{"line":276,"column":0},"end":{"line":276,"column":25}},"286":{"start":{"line":287,"column":0},"end":{"line":287,"column":13}},"287":{"start":{"line":288,"column":0},"end":{"line":288,"column":64}},"288":{"start":{"line":289,"column":0},"end":{"line":289,"column":55}},"289":{"start":{"line":290,"column":0},"end":{"line":290,"column":44}},"290":{"start":{"line":291,"column":0},"end":{"line":291,"column":20}},"291":{"start":{"line":292,"column":0},"end":{"line":292,"column":27}},"292":{"start":{"line":293,"column":0},"end":{"line":293,"column":35}},"293":{"start":{"line":294,"column":0},"end":{"line":294,"column":38}},"294":{"start":{"line":295,"column":0},"end":{"line":295,"column":86}},"295":{"start":{"line":296,"column":0},"end":{"line":296,"column":53}},"297":{"start":{"line":298,"column":0},"end":{"line":298,"column":20}},"298":{"start":{"line":299,"column":0},"end":{"line":299,"column":27}},"299":{"start":{"line":300,"column":0},"end":{"line":300,"column":35}},"300":{"start":{"line":301,"column":0},"end":{"line":301,"column":38}},"301":{"start":{"line":302,"column":0},"end":{"line":302,"column":86}},"302":{"start":{"line":303,"column":0},"end":{"line":303,"column":53}},"304":{"start":{"line":305,"column":0},"end":{"line":305,"column":42}},"305":{"start":{"line":306,"column":0},"end":{"line":306,"column":23}},"306":{"start":{"line":307,"column":0},"end":{"line":307,"column":48}},"307":{"start":{"line":308,"column":0},"end":{"line":308,"column":123}},"308":{"start":{"line":309,"column":0},"end":{"line":309,"column":55}},"310":{"start":{"line":311,"column":0},"end":{"line":311,"column":55}},"311":{"start":{"line":312,"column":0},"end":{"line":312,"column":60}},"313":{"start":{"line":314,"column":0},"end":{"line":314,"column":22}},"314":{"start":{"line":315,"column":0},"end":{"line":315,"column":31}},"315":{"start":{"line":316,"column":0},"end":{"line":316,"column":36}},"316":{"start":{"line":317,"column":0},"end":{"line":317,"column":49}},"317":{"start":{"line":318,"column":0},"end":{"line":318,"column":107}},"318":{"start":{"line":319,"column":0},"end":{"line":319,"column":55}},"321":{"start":{"line":322,"column":0},"end":{"line":322,"column":21}},"322":{"start":{"line":323,"column":0},"end":{"line":323,"column":41}},"323":{"start":{"line":324,"column":0},"end":{"line":324,"column":89}},"324":{"start":{"line":325,"column":0},"end":{"line":325,"column":15}},"328":{"start":{"line":329,"column":0},"end":{"line":329,"column":17}},"329":{"start":{"line":330,"column":0},"end":{"line":330,"column":70}},"330":{"start":{"line":331,"column":0},"end":{"line":331,"column":41}},"331":{"start":{"line":332,"column":0},"end":{"line":332,"column":49}},"332":{"start":{"line":333,"column":0},"end":{"line":333,"column":107}},"333":{"start":{"line":334,"column":0},"end":{"line":334,"column":50}},"334":{"start":{"line":335,"column":0},"end":{"line":335,"column":115}},"344":{"start":{"line":345,"column":0},"end":{"line":345,"column":2}}},"s":{"0":1,"11":1,"12":23,"13":23,"14":23,"15":23,"16":23,"17":23,"18":23,"19":23,"20":23,"21":23,"22":23,"23":23,"24":23,"25":23,"26":23,"27":23,"29":23,"30":1,"31":1,"32":1,"33":0,"34":1,"35":1,"36":1,"37":1,"38":1,"39":1,"41":23,"42":23,"43":2,"44":2,"46":23,"47":23,"48":1,"49":1,"50":1,"51":1,"52":1,"54":23,"55":23,"56":1,"57":1,"58":1,"59":1,"60":1,"62":23,"63":23,"64":1,"65":1,"66":1,"67":1,"68":1,"70":23,"71":1,"72":1,"73":1,"74":1,"75":1,"76":1,"77":1,"79":23,"80":1,"81":1,"82":1,"83":1,"84":1,"85":1,"86":1,"87":1,"88":1,"89":1,"90":1,"92":23,"93":2,"94":2,"95":2,"96":2,"97":2,"98":2,"99":2,"100":2,"101":2,"102":2,"104":23,"105":1,"106":1,"107":1,"108":1,"109":1,"110":1,"111":1,"112":1,"114":23,"115":1,"116":1,"117":1,"118":1,"119":1,"120":1,"121":1,"122":1,"123":1,"124":1,"126":23,"127":23,"128":23,"129":23,"130":23,"131":23,"132":23,"133":23,"134":23,"136":23,"138":23,"139":23,"140":23,"141":23,"142":23,"143":23,"144":23,"145":23,"146":23,"147":23,"148":23,"151":23,"152":23,"153":23,"154":23,"155":23,"156":23,"157":23,"158":23,"161":23,"162":23,"163":23,"164":23,"165":23,"166":23,"167":23,"168":23,"171":23,"172":23,"173":23,"174":23,"179":23,"180":23,"181":23,"182":23,"183":23,"184":23,"185":23,"187":23,"189":23,"190":23,"191":23,"192":15,"193":15,"194":15,"195":15,"196":15,"197":15,"198":15,"199":15,"202":15,"203":15,"204":15,"205":15,"206":15,"207":15,"208":15,"211":15,"212":15,"213":15,"214":15,"215":15,"216":15,"217":15,"221":15,"222":15,"223":15,"224":15,"225":15,"226":15,"227":15,"228":15,"229":15,"234":15,"235":15,"236":15,"237":15,"238":15,"239":15,"240":15,"242":15,"243":15,"244":15,"245":15,"246":15,"247":15,"249":15,"250":15,"251":15,"252":15,"257":15,"258":15,"259":15,"260":15,"265":23,"266":23,"267":23,"268":23,"271":23,"272":23,"273":23,"274":23,"275":23,"286":23,"287":23,"288":23,"289":23,"290":23,"291":23,"292":23,"293":23,"294":23,"295":23,"297":23,"298":23,"299":23,"300":23,"301":23,"302":23,"304":23,"305":23,"306":23,"307":23,"308":23,"310":23,"311":23,"313":23,"314":23,"315":23,"316":23,"317":23,"318":23,"321":23,"322":23,"323":23,"324":23,"328":23,"329":23,"330":23,"331":23,"332":23,"333":23,"334":23,"344":23},"branchMap":{"0":{"type":"branch","line":12,"loc":{"start":{"line":12,"column":25},"end":{"line":345,"column":2}},"locations":[{"start":{"line":12,"column":25},"end":{"line":345,"column":2}}]},"1":{"type":"branch","line":137,"loc":{"start":{"line":137,"column":13},"end":{"line":137,"column":41}},"locations":[{"start":{"line":137,"column":13},"end":{"line":137,"column":41}}]},"2":{"type":"branch","line":137,"loc":{"start":{"line":137,"column":34},"end":{"line":137,"column":51}},"locations":[{"start":{"line":137,"column":34},"end":{"line":137,"column":51}}]},"3":{"type":"branch","line":30,"loc":{"start":{"line":30,"column":33},"end":{"line":40,"column":4}},"locations":[{"start":{"line":30,"column":33},"end":{"line":40,"column":4}}]},"4":{"type":"branch","line":31,"loc":{"start":{"line":31,"column":22},"end":{"line":39,"column":7}},"locations":[{"start":{"line":31,"column":22},"end":{"line":39,"column":7}}]},"5":{"type":"branch","line":33,"loc":{"start":{"line":33,"column":33},"end":{"line":35,"column":13}},"locations":[{"start":{"line":33,"column":33},"end":{"line":35,"column":13}}]},"6":{"type":"branch","line":43,"loc":{"start":{"line":43,"column":28},"end":{"line":45,"column":4}},"locations":[{"start":{"line":43,"column":28},"end":{"line":45,"column":4}}]},"7":{"type":"branch","line":48,"loc":{"start":{"line":48,"column":34},"end":{"line":53,"column":4}},"locations":[{"start":{"line":48,"column":34},"end":{"line":53,"column":4}}]},"8":{"type":"branch","line":56,"loc":{"start":{"line":56,"column":28},"end":{"line":61,"column":4}},"locations":[{"start":{"line":56,"column":28},"end":{"line":61,"column":4}}]},"9":{"type":"branch","line":64,"loc":{"start":{"line":64,"column":29},"end":{"line":69,"column":4}},"locations":[{"start":{"line":64,"column":29},"end":{"line":69,"column":4}}]},"10":{"type":"branch","line":71,"loc":{"start":{"line":71,"column":28},"end":{"line":78,"column":4}},"locations":[{"start":{"line":71,"column":28},"end":{"line":78,"column":4}}]},"11":{"type":"branch","line":72,"loc":{"start":{"line":72,"column":41},"end":{"line":72,"column":66}},"locations":[{"start":{"line":72,"column":41},"end":{"line":72,"column":66}}]},"12":{"type":"branch","line":80,"loc":{"start":{"line":80,"column":28},"end":{"line":91,"column":4}},"locations":[{"start":{"line":80,"column":28},"end":{"line":91,"column":4}}]},"13":{"type":"branch","line":81,"loc":{"start":{"line":81,"column":41},"end":{"line":81,"column":66}},"locations":[{"start":{"line":81,"column":41},"end":{"line":81,"column":66}}]},"14":{"type":"branch","line":93,"loc":{"start":{"line":93,"column":31},"end":{"line":103,"column":4}},"locations":[{"start":{"line":93,"column":31},"end":{"line":103,"column":4}}]},"15":{"type":"branch","line":94,"loc":{"start":{"line":94,"column":41},"end":{"line":94,"column":66}},"locations":[{"start":{"line":94,"column":41},"end":{"line":94,"column":66}}]},"16":{"type":"branch","line":98,"loc":{"start":{"line":98,"column":51},"end":{"line":98,"column":73}},"locations":[{"start":{"line":98,"column":51},"end":{"line":98,"column":73}}]},"17":{"type":"branch","line":105,"loc":{"start":{"line":105,"column":26},"end":{"line":113,"column":4}},"locations":[{"start":{"line":105,"column":26},"end":{"line":113,"column":4}}]},"18":{"type":"branch","line":115,"loc":{"start":{"line":115,"column":30},"end":{"line":125,"column":4}},"locations":[{"start":{"line":115,"column":30},"end":{"line":125,"column":4}}]},"19":{"type":"branch","line":134,"loc":{"start":{"line":134,"column":21},"end":{"line":134,"column":70}},"locations":[{"start":{"line":134,"column":21},"end":{"line":134,"column":70}}]},"20":{"type":"branch","line":148,"loc":{"start":{"line":148,"column":28},"end":{"line":148,"column":90}},"locations":[{"start":{"line":148,"column":28},"end":{"line":148,"column":90}}]},"21":{"type":"branch","line":158,"loc":{"start":{"line":158,"column":28},"end":{"line":158,"column":101}},"locations":[{"start":{"line":158,"column":28},"end":{"line":158,"column":101}}]},"22":{"type":"branch","line":168,"loc":{"start":{"line":168,"column":28},"end":{"line":168,"column":101}},"locations":[{"start":{"line":168,"column":28},"end":{"line":168,"column":101}}]},"23":{"type":"branch","line":192,"loc":{"start":{"line":192,"column":21},"end":{"line":192,"column":71}},"locations":[{"start":{"line":192,"column":21},"end":{"line":192,"column":71}}]},"24":{"type":"branch","line":192,"loc":{"start":{"line":192,"column":71},"end":{"line":266,"column":23}},"locations":[{"start":{"line":192,"column":71},"end":{"line":266,"column":23}}]},"25":{"type":"branch","line":185,"loc":{"start":{"line":185,"column":27},"end":{"line":185,"column":68}},"locations":[{"start":{"line":185,"column":27},"end":{"line":185,"column":68}}]},"26":{"type":"branch","line":199,"loc":{"start":{"line":199,"column":38},"end":{"line":199,"column":97}},"locations":[{"start":{"line":199,"column":38},"end":{"line":199,"column":97}}]},"27":{"type":"branch","line":208,"loc":{"start":{"line":208,"column":38},"end":{"line":208,"column":101}},"locations":[{"start":{"line":208,"column":38},"end":{"line":208,"column":101}}]},"28":{"type":"branch","line":217,"loc":{"start":{"line":217,"column":38},"end":{"line":217,"column":101}},"locations":[{"start":{"line":217,"column":38},"end":{"line":217,"column":101}}]},"29":{"type":"branch","line":228,"loc":{"start":{"line":228,"column":41},"end":{"line":228,"column":87}},"locations":[{"start":{"line":228,"column":41},"end":{"line":228,"column":87}}]},"30":{"type":"branch","line":240,"loc":{"start":{"line":240,"column":40},"end":{"line":240,"column":118}},"locations":[{"start":{"line":240,"column":40},"end":{"line":240,"column":118}}]},"31":{"type":"branch","line":247,"loc":{"start":{"line":247,"column":40},"end":{"line":247,"column":120}},"locations":[{"start":{"line":247,"column":40},"end":{"line":247,"column":120}}]},"32":{"type":"branch","line":251,"loc":{"start":{"line":251,"column":39},"end":{"line":251,"column":75}},"locations":[{"start":{"line":251,"column":39},"end":{"line":251,"column":75}}]},"33":{"type":"branch","line":274,"loc":{"start":{"line":274,"column":35},"end":{"line":274,"column":68}},"locations":[{"start":{"line":274,"column":35},"end":{"line":274,"column":68}}]},"34":{"type":"branch","line":295,"loc":{"start":{"line":295,"column":26},"end":{"line":295,"column":86}},"locations":[{"start":{"line":295,"column":26},"end":{"line":295,"column":86}}]},"35":{"type":"branch","line":302,"loc":{"start":{"line":302,"column":26},"end":{"line":302,"column":86}},"locations":[{"start":{"line":302,"column":26},"end":{"line":302,"column":86}}]},"36":{"type":"branch","line":308,"loc":{"start":{"line":308,"column":28},"end":{"line":308,"column":123}},"locations":[{"start":{"line":308,"column":28},"end":{"line":308,"column":123}}]},"37":{"type":"branch","line":318,"loc":{"start":{"line":318,"column":28},"end":{"line":318,"column":107}},"locations":[{"start":{"line":318,"column":28},"end":{"line":318,"column":107}}]},"38":{"type":"branch","line":335,"loc":{"start":{"line":335,"column":45},"end":{"line":335,"column":82}},"locations":[{"start":{"line":335,"column":45},"end":{"line":335,"column":82}}]},"39":{"type":"branch","line":335,"loc":{"start":{"line":335,"column":82},"end":{"line":335,"column":111}},"locations":[{"start":{"line":335,"column":82},"end":{"line":335,"column":111}}]}},"b":{"0":[23],"1":[4],"2":[19],"3":[1],"4":[1],"5":[0],"6":[2],"7":[1],"8":[1],"9":[1],"10":[1],"11":[1],"12":[1],"13":[1],"14":[2],"15":[2],"16":[3],"17":[1],"18":[1],"19":[1],"20":[1],"21":[1],"22":[1],"23":[15],"24":[15],"25":[1],"26":[1],"27":[1],"28":[1],"29":[2],"30":[1],"31":[1],"32":[1],"33":[2],"34":[1],"35":[1],"36":[1],"37":[1],"38":[23],"39":[24]},"fnMap":{"0":{"name":"AdminPage","decl":{"start":{"line":12,"column":25},"end":{"line":345,"column":2}},"loc":{"start":{"line":12,"column":25},"end":{"line":345,"column":2}},"line":12},"1":{"name":"toggleProductAccordion","decl":{"start":{"line":30,"column":33},"end":{"line":40,"column":4}},"loc":{"start":{"line":30,"column":33},"end":{"line":40,"column":4}},"line":30},"2":{"name":"handleEditProduct","decl":{"start":{"line":43,"column":28},"end":{"line":45,"column":4}},"loc":{"start":{"line":43,"column":28},"end":{"line":45,"column":4}},"line":43},"3":{"name":"handleProductNameUpdate","decl":{"start":{"line":48,"column":34},"end":{"line":53,"column":4}},"loc":{"start":{"line":48,"column":34},"end":{"line":53,"column":4}},"line":48},"4":{"name":"handlePriceUpdate","decl":{"start":{"line":56,"column":28},"end":{"line":61,"column":4}},"loc":{"start":{"line":56,"column":28},"end":{"line":61,"column":4}},"line":56},"5":{"name":"handleEditComplete","decl":{"start":{"line":64,"column":29},"end":{"line":69,"column":4}},"loc":{"start":{"line":64,"column":29},"end":{"line":69,"column":4}},"line":64},"6":{"name":"handleStockUpdate","decl":{"start":{"line":71,"column":28},"end":{"line":78,"column":4}},"loc":{"start":{"line":71,"column":28},"end":{"line":78,"column":4}},"line":71},"7":{"name":"handleAddDiscount","decl":{"start":{"line":80,"column":28},"end":{"line":91,"column":4}},"loc":{"start":{"line":80,"column":28},"end":{"line":91,"column":4}},"line":80},"8":{"name":"handleRemoveDiscount","decl":{"start":{"line":93,"column":31},"end":{"line":103,"column":4}},"loc":{"start":{"line":93,"column":31},"end":{"line":103,"column":4}},"line":93},"9":{"name":"handleAddCoupon","decl":{"start":{"line":105,"column":26},"end":{"line":113,"column":4}},"loc":{"start":{"line":105,"column":26},"end":{"line":113,"column":4}},"line":105},"10":{"name":"handleAddNewProduct","decl":{"start":{"line":115,"column":30},"end":{"line":125,"column":4}},"loc":{"start":{"line":115,"column":30},"end":{"line":125,"column":4}},"line":115},"11":{"name":"onClick","decl":{"start":{"line":134,"column":21},"end":{"line":134,"column":70}},"loc":{"start":{"line":134,"column":21},"end":{"line":134,"column":70}},"line":134},"12":{"name":"onChange","decl":{"start":{"line":148,"column":28},"end":{"line":148,"column":90}},"loc":{"start":{"line":148,"column":28},"end":{"line":148,"column":90}},"line":148},"13":{"name":"onChange","decl":{"start":{"line":158,"column":28},"end":{"line":158,"column":101}},"loc":{"start":{"line":158,"column":28},"end":{"line":158,"column":101}},"line":158},"14":{"name":"onChange","decl":{"start":{"line":168,"column":28},"end":{"line":168,"column":101}},"loc":{"start":{"line":168,"column":28},"end":{"line":168,"column":101}},"line":168},"15":{"name":"onClick","decl":{"start":{"line":185,"column":27},"end":{"line":185,"column":68}},"loc":{"start":{"line":185,"column":27},"end":{"line":185,"column":68}},"line":185},"16":{"name":"onChange","decl":{"start":{"line":199,"column":38},"end":{"line":199,"column":97}},"loc":{"start":{"line":199,"column":38},"end":{"line":199,"column":97}},"line":199},"17":{"name":"onChange","decl":{"start":{"line":208,"column":38},"end":{"line":208,"column":101}},"loc":{"start":{"line":208,"column":38},"end":{"line":208,"column":101}},"line":208},"18":{"name":"onChange","decl":{"start":{"line":217,"column":38},"end":{"line":217,"column":101}},"loc":{"start":{"line":217,"column":38},"end":{"line":217,"column":101}},"line":217},"19":{"name":"onClick","decl":{"start":{"line":228,"column":41},"end":{"line":228,"column":87}},"loc":{"start":{"line":228,"column":41},"end":{"line":228,"column":87}},"line":228},"20":{"name":"onChange","decl":{"start":{"line":240,"column":40},"end":{"line":240,"column":118}},"loc":{"start":{"line":240,"column":40},"end":{"line":240,"column":118}},"line":240},"21":{"name":"onChange","decl":{"start":{"line":247,"column":40},"end":{"line":247,"column":120}},"loc":{"start":{"line":247,"column":40},"end":{"line":247,"column":120}},"line":247},"22":{"name":"onClick","decl":{"start":{"line":251,"column":39},"end":{"line":251,"column":75}},"loc":{"start":{"line":251,"column":39},"end":{"line":251,"column":75}},"line":251},"23":{"name":"onClick","decl":{"start":{"line":274,"column":35},"end":{"line":274,"column":68}},"loc":{"start":{"line":274,"column":35},"end":{"line":274,"column":68}},"line":274},"24":{"name":"onChange","decl":{"start":{"line":295,"column":26},"end":{"line":295,"column":86}},"loc":{"start":{"line":295,"column":26},"end":{"line":295,"column":86}},"line":295},"25":{"name":"onChange","decl":{"start":{"line":302,"column":26},"end":{"line":302,"column":86}},"loc":{"start":{"line":302,"column":26},"end":{"line":302,"column":86}},"line":302},"26":{"name":"onChange","decl":{"start":{"line":308,"column":28},"end":{"line":308,"column":123}},"loc":{"start":{"line":308,"column":28},"end":{"line":308,"column":123}},"line":308},"27":{"name":"onChange","decl":{"start":{"line":318,"column":28},"end":{"line":318,"column":107}},"loc":{"start":{"line":318,"column":28},"end":{"line":318,"column":107}},"line":318}},"f":{"0":23,"1":1,"2":2,"3":1,"4":1,"5":1,"6":1,"7":1,"8":2,"9":1,"10":1,"11":1,"12":1,"13":1,"14":1,"15":1,"16":1,"17":1,"18":1,"19":2,"20":1,"21":1,"22":1,"23":2,"24":1,"25":1,"26":1,"27":1}}
,"D:\\advance\\dreamcode\\ASSIGNMENT6_TEST\\front_2nd\\packages\\assignment-6\\src\\components\\CartPage.tsx": {"path":"D:\\advance\\dreamcode\\ASSIGNMENT6_TEST\\front_2nd\\packages\\assignment-6\\src\\components\\CartPage.tsx","all":false,"statementMap":{"0":{"start":{"line":1,"column":0},"end":{"line":1,"column":33}},"8":{"start":{"line":9,"column":0},"end":{"line":9,"column":59}},"9":{"start":{"line":10,"column":0},"end":{"line":10,"column":51}},"10":{"start":{"line":11,"column":0},"end":{"line":11,"column":76}},"13":{"start":{"line":14,"column":0},"end":{"line":14,"column":43}},"14":{"start":{"line":15,"column":0},"end":{"line":15,"column":54}},"15":{"start":{"line":16,"column":0},"end":{"line":16,"column":36}},"17":{"start":{"line":18,"column":0},"end":{"line":18,"column":25}},"18":{"start":{"line":19,"column":0},"end":{"line":19,"column":81}},"19":{"start":{"line":20,"column":0},"end":{"line":20,"column":25}},"20":{"start":{"line":21,"column":0},"end":{"line":21,"column":35}},"21":{"start":{"line":22,"column":0},"end":{"line":22,"column":40}},"22":{"start":{"line":23,"column":0},"end":{"line":23,"column":79}},"23":{"start":{"line":24,"column":0},"end":{"line":24,"column":18}},"25":{"start":{"line":26,"column":0},"end":{"line":26,"column":7}},"26":{"start":{"line":27,"column":0},"end":{"line":27,"column":53}},"27":{"start":{"line":28,"column":0},"end":{"line":28,"column":7}},"28":{"start":{"line":29,"column":0},"end":{"line":29,"column":4}},"30":{"start":{"line":31,"column":0},"end":{"line":31,"column":49}},"31":{"start":{"line":32,"column":0},"end":{"line":32,"column":80}},"32":{"start":{"line":33,"column":0},"end":{"line":33,"column":4}},"34":{"start":{"line":35,"column":0},"end":{"line":35,"column":70}},"35":{"start":{"line":36,"column":0},"end":{"line":36,"column":23}},"36":{"start":{"line":37,"column":0},"end":{"line":37,"column":28}},"37":{"start":{"line":38,"column":0},"end":{"line":38,"column":44}},"38":{"start":{"line":39,"column":0},"end":{"line":39,"column":49}},"39":{"start":{"line":40,"column":0},"end":{"line":40,"column":82}},"40":{"start":{"line":41,"column":0},"end":{"line":41,"column":85}},"41":{"start":{"line":42,"column":0},"end":{"line":42,"column":9}},"42":{"start":{"line":43,"column":0},"end":{"line":43,"column":20}},"43":{"start":{"line":44,"column":0},"end":{"line":44,"column":58}},"45":{"start":{"line":46,"column":0},"end":{"line":46,"column":4}},"47":{"start":{"line":48,"column":0},"end":{"line":48,"column":32}},"48":{"start":{"line":49,"column":0},"end":{"line":49,"column":32}},"49":{"start":{"line":50,"column":0},"end":{"line":50,"column":31}},"51":{"start":{"line":52,"column":0},"end":{"line":52,"column":26}},"52":{"start":{"line":53,"column":0},"end":{"line":53,"column":37}},"53":{"start":{"line":54,"column":0},"end":{"line":54,"column":32}},"54":{"start":{"line":55,"column":0},"end":{"line":55,"column":46}},"56":{"start":{"line":57,"column":0},"end":{"line":57,"column":74}},"57":{"start":{"line":58,"column":0},"end":{"line":58,"column":85}},"58":{"start":{"line":59,"column":0},"end":{"line":59,"column":12}},"60":{"start":{"line":61,"column":0},"end":{"line":61,"column":62}},"61":{"start":{"line":62,"column":0},"end":{"line":62,"column":7}},"63":{"start":{"line":64,"column":0},"end":{"line":64,"column":65}},"65":{"start":{"line":66,"column":0},"end":{"line":66,"column":12}},"66":{"start":{"line":67,"column":0},"end":{"line":67,"column":25}},"67":{"start":{"line":68,"column":0},"end":{"line":68,"column":53}},"68":{"start":{"line":69,"column":0},"end":{"line":69,"column":92}},"69":{"start":{"line":70,"column":0},"end":{"line":70,"column":14}},"70":{"start":{"line":71,"column":0},"end":{"line":71,"column":71}},"71":{"start":{"line":72,"column":0},"end":{"line":72,"column":7}},"72":{"start":{"line":73,"column":0},"end":{"line":73,"column":63}},"73":{"start":{"line":74,"column":0},"end":{"line":74,"column":5}},"75":{"start":{"line":76,"column":0},"end":{"line":76,"column":12}},"76":{"start":{"line":77,"column":0},"end":{"line":77,"column":59}},"77":{"start":{"line":78,"column":0},"end":{"line":78,"column":57}},"78":{"start":{"line":79,"column":0},"end":{"line":79,"column":46}},"79":{"start":{"line":80,"column":0},"end":{"line":80,"column":6}},"80":{"start":{"line":81,"column":0},"end":{"line":81,"column":4}},"83":{"start":{"line":84,"column":0},"end":{"line":84,"column":79}},"84":{"start":{"line":85,"column":0},"end":{"line":85,"column":80}},"85":{"start":{"line":86,"column":0},"end":{"line":86,"column":4}},"87":{"start":{"line":88,"column":0},"end":{"line":88,"column":51}},"88":{"start":{"line":89,"column":0},"end":{"line":89,"column":71}},"89":{"start":{"line":90,"column":0},"end":{"line":90,"column":53}},"90":{"start":{"line":91,"column":0},"end":{"line":91,"column":4}},"92":{"start":{"line":93,"column":0},"end":{"line":93,"column":85}},"94":{"start":{"line":95,"column":0},"end":{"line":95,"column":50}},"95":{"start":{"line":96,"column":0},"end":{"line":96,"column":39}},"96":{"start":{"line":97,"column":0},"end":{"line":97,"column":30}},"97":{"start":{"line":98,"column":0},"end":{"line":98,"column":28}},"98":{"start":{"line":99,"column":0},"end":{"line":99,"column":39}},"99":{"start":{"line":100,"column":0},"end":{"line":100,"column":42}},"100":{"start":{"line":101,"column":0},"end":{"line":101,"column":67}},"101":{"start":{"line":102,"column":0},"end":{"line":102,"column":7}},"102":{"start":{"line":103,"column":0},"end":{"line":103,"column":5}},"103":{"start":{"line":104,"column":0},"end":{"line":104,"column":27}},"104":{"start":{"line":105,"column":0},"end":{"line":105,"column":4}},"106":{"start":{"line":107,"column":0},"end":{"line":107,"column":43}},"107":{"start":{"line":108,"column":0},"end":{"line":108,"column":30}},"108":{"start":{"line":109,"column":0},"end":{"line":109,"column":4}},"110":{"start":{"line":111,"column":0},"end":{"line":111,"column":10}},"111":{"start":{"line":112,"column":0},"end":{"line":112,"column":43}},"112":{"start":{"line":113,"column":0},"end":{"line":113,"column":55}},"113":{"start":{"line":114,"column":0},"end":{"line":114,"column":61}},"114":{"start":{"line":115,"column":0},"end":{"line":115,"column":13}},"115":{"start":{"line":116,"column":0},"end":{"line":116,"column":64}},"116":{"start":{"line":117,"column":0},"end":{"line":117,"column":37}},"117":{"start":{"line":118,"column":0},"end":{"line":118,"column":38}},"118":{"start":{"line":119,"column":0},"end":{"line":119,"column":64}},"119":{"start":{"line":120,"column":0},"end":{"line":120,"column":22}},"120":{"start":{"line":121,"column":0},"end":{"line":121,"column":116}},"121":{"start":{"line":122,"column":0},"end":{"line":122,"column":74}},"122":{"start":{"line":123,"column":0},"end":{"line":123,"column":73}},"123":{"start":{"line":124,"column":0},"end":{"line":124,"column":92}},"125":{"start":{"line":126,"column":0},"end":{"line":126,"column":62}},"126":{"start":{"line":127,"column":0},"end":{"line":127,"column":110}},"127":{"start":{"line":128,"column":0},"end":{"line":128,"column":43}},"129":{"start":{"line":130,"column":0},"end":{"line":130,"column":54}},"130":{"start":{"line":131,"column":0},"end":{"line":131,"column":71}},"131":{"start":{"line":132,"column":0},"end":{"line":132,"column":85}},"135":{"start":{"line":136,"column":0},"end":{"line":136,"column":52}},"136":{"start":{"line":137,"column":0},"end":{"line":137,"column":85}},"137":{"start":{"line":138,"column":0},"end":{"line":138,"column":67}},"138":{"start":{"line":139,"column":0},"end":{"line":139,"column":40}},"139":{"start":{"line":140,"column":0},"end":{"line":140,"column":89}},"144":{"start":{"line":145,"column":0},"end":{"line":145,"column":25}},"145":{"start":{"line":146,"column":0},"end":{"line":146,"column":54}},"146":{"start":{"line":147,"column":0},"end":{"line":147,"column":59}},"147":{"start":{"line":148,"column":0},"end":{"line":148,"column":40}},"148":{"start":{"line":149,"column":0},"end":{"line":149,"column":68}},"149":{"start":{"line":150,"column":0},"end":{"line":150,"column":72}},"150":{"start":{"line":151,"column":0},"end":{"line":151,"column":23}},"151":{"start":{"line":152,"column":0},"end":{"line":152,"column":50}},"153":{"start":{"line":154,"column":0},"end":{"line":154,"column":60}},"157":{"start":{"line":158,"column":0},"end":{"line":158,"column":15}},"160":{"start":{"line":161,"column":0},"end":{"line":161,"column":13}},"161":{"start":{"line":162,"column":0},"end":{"line":162,"column":66}},"163":{"start":{"line":164,"column":0},"end":{"line":164,"column":37}},"164":{"start":{"line":165,"column":0},"end":{"line":165,"column":31}},"165":{"start":{"line":166,"column":0},"end":{"line":166,"column":63}},"166":{"start":{"line":167,"column":0},"end":{"line":167,"column":22}},"167":{"start":{"line":168,"column":0},"end":{"line":168,"column":117}},"168":{"start":{"line":169,"column":0},"end":{"line":169,"column":23}},"169":{"start":{"line":170,"column":0},"end":{"line":170,"column":78}},"170":{"start":{"line":171,"column":0},"end":{"line":171,"column":25}},"171":{"start":{"line":172,"column":0},"end":{"line":172,"column":60}},"172":{"start":{"line":173,"column":0},"end":{"line":173,"column":57}},"173":{"start":{"line":174,"column":0},"end":{"line":174,"column":47}},"174":{"start":{"line":175,"column":0},"end":{"line":175,"column":62}},"175":{"start":{"line":176,"column":0},"end":{"line":176,"column":67}},"180":{"start":{"line":181,"column":0},"end":{"line":181,"column":23}},"181":{"start":{"line":182,"column":0},"end":{"line":182,"column":27}},"182":{"start":{"line":183,"column":0},"end":{"line":183,"column":88}},"183":{"start":{"line":184,"column":0},"end":{"line":184,"column":100}},"184":{"start":{"line":185,"column":0},"end":{"line":185,"column":21}},"187":{"start":{"line":188,"column":0},"end":{"line":188,"column":27}},"188":{"start":{"line":189,"column":0},"end":{"line":189,"column":88}},"189":{"start":{"line":190,"column":0},"end":{"line":190,"column":100}},"190":{"start":{"line":191,"column":0},"end":{"line":191,"column":21}},"193":{"start":{"line":194,"column":0},"end":{"line":194,"column":27}},"194":{"start":{"line":195,"column":0},"end":{"line":195,"column":69}},"195":{"start":{"line":196,"column":0},"end":{"line":196,"column":90}},"196":{"start":{"line":197,"column":0},"end":{"line":197,"column":21}},"202":{"start":{"line":203,"column":0},"end":{"line":203,"column":15}},"205":{"start":{"line":206,"column":0},"end":{"line":206,"column":60}},"206":{"start":{"line":207,"column":0},"end":{"line":207,"column":66}},"207":{"start":{"line":208,"column":0},"end":{"line":208,"column":19}},"208":{"start":{"line":209,"column":0},"end":{"line":209,"column":78}},"209":{"start":{"line":210,"column":0},"end":{"line":210,"column":56}},"211":{"start":{"line":212,"column":0},"end":{"line":212,"column":45}},"212":{"start":{"line":213,"column":0},"end":{"line":213,"column":47}},"213":{"start":{"line":214,"column":0},"end":{"line":214,"column":56}},"214":{"start":{"line":215,"column":0},"end":{"line":215,"column":126}},"218":{"start":{"line":219,"column":0},"end":{"line":219,"column":32}},"219":{"start":{"line":220,"column":0},"end":{"line":220,"column":44}},"220":{"start":{"line":221,"column":0},"end":{"line":221,"column":45}},"221":{"start":{"line":222,"column":0},"end":{"line":222,"column":137}},"226":{"start":{"line":227,"column":0},"end":{"line":227,"column":60}},"227":{"start":{"line":228,"column":0},"end":{"line":228,"column":66}},"228":{"start":{"line":229,"column":0},"end":{"line":229,"column":39}},"229":{"start":{"line":230,"column":0},"end":{"line":230,"column":67}},"230":{"start":{"line":231,"column":0},"end":{"line":231,"column":88}},"231":{"start":{"line":232,"column":0},"end":{"line":232,"column":47}},"232":{"start":{"line":233,"column":0},"end":{"line":233,"column":64}},"240":{"start":{"line":241,"column":0},"end":{"line":241,"column":2}}},"s":{"0":1,"8":1,"9":43,"10":43,"13":43,"14":22,"15":22,"17":22,"18":22,"19":22,"20":19,"21":19,"22":19,"23":0,"25":19,"26":3,"27":3,"28":22,"30":43,"31":0,"32":0,"34":43,"35":18,"36":18,"37":54,"38":18,"39":18,"40":18,"41":18,"42":36,"43":18,"45":18,"47":43,"48":43,"49":43,"51":43,"52":85,"53":85,"54":85,"56":85,"57":85,"58":85,"60":85,"61":85,"63":43,"65":43,"66":43,"67":2,"68":1,"69":1,"70":1,"71":1,"72":2,"73":2,"75":43,"76":43,"77":43,"78":43,"79":43,"80":43,"83":43,"84":129,"85":129,"87":43,"88":151,"89":151,"90":151,"92":43,"94":43,"95":85,"96":85,"97":85,"98":85,"99":85,"100":40,"101":40,"102":85,"103":85,"104":85,"106":43,"107":2,"108":2,"110":43,"111":43,"112":43,"113":43,"114":43,"115":43,"116":43,"117":43,"118":129,"119":129,"120":129,"121":129,"122":129,"123":129,"125":129,"126":129,"127":129,"129":129,"130":129,"131":129,"135":129,"136":129,"137":129,"138":129,"139":129,"144":129,"145":129,"146":129,"147":129,"148":106,"149":23,"150":129,"151":129,"153":129,"157":129,"160":43,"161":43,"163":43,"164":43,"165":85,"166":85,"167":85,"168":85,"169":85,"170":85,"171":85,"172":85,"173":85,"174":85,"175":85,"180":85,"181":85,"182":85,"183":85,"184":85,"187":85,"188":85,"189":85,"190":85,"193":85,"194":85,"195":85,"196":85,"202":85,"205":43,"206":43,"207":43,"208":43,"209":43,"211":43,"212":43,"213":43,"214":43,"218":43,"219":43,"220":43,"221":43,"226":43,"227":43,"228":43,"229":43,"230":43,"231":43,"232":43,"240":43},"branchMap":{"0":{"type":"branch","line":9,"loc":{"start":{"line":9,"column":24},"end":{"line":241,"column":2}},"locations":[{"start":{"line":9,"column":24},"end":{"line":241,"column":2}}]},"1":{"type":"branch","line":222,"loc":{"start":{"line":222,"column":50},"end":{"line":222,"column":95}},"locations":[{"start":{"line":222,"column":50},"end":{"line":222,"column":95}}]},"2":{"type":"branch","line":222,"loc":{"start":{"line":222,"column":95},"end":{"line":222,"column":132}},"locations":[{"start":{"line":222,"column":95},"end":{"line":222,"column":132}}]},"3":{"type":"branch","line":14,"loc":{"start":{"line":14,"column":20},"end":{"line":29,"column":4}},"locations":[{"start":{"line":14,"column":20},"end":{"line":29,"column":4}}]},"4":{"type":"branch","line":16,"loc":{"start":{"line":16,"column":29},"end":{"line":16,"column":36}},"locations":[{"start":{"line":16,"column":29},"end":{"line":16,"column":36}}]},"5":{"type":"branch","line":18,"loc":{"start":{"line":18,"column":12},"end":{"line":28,"column":7}},"locations":[{"start":{"line":18,"column":12},"end":{"line":28,"column":7}}]},"6":{"type":"branch","line":20,"loc":{"start":{"line":20,"column":24},"end":{"line":26,"column":7}},"locations":[{"start":{"line":20,"column":24},"end":{"line":26,"column":7}}]},"7":{"type":"branch","line":26,"loc":{"start":{"line":26,"column":6},"end":{"line":28,"column":7}},"locations":[{"start":{"line":26,"column":6},"end":{"line":28,"column":7}}]},"8":{"type":"branch","line":19,"loc":{"start":{"line":19,"column":41},"end":{"line":19,"column":79}},"locations":[{"start":{"line":19,"column":41},"end":{"line":19,"column":79}}]},"9":{"type":"branch","line":21,"loc":{"start":{"line":21,"column":28},"end":{"line":24,"column":18}},"locations":[{"start":{"line":21,"column":28},"end":{"line":24,"column":18}}]},"10":{"type":"branch","line":23,"loc":{"start":{"line":23,"column":78},"end":{"line":24,"column":18}},"locations":[{"start":{"line":23,"column":78},"end":{"line":24,"column":18}}]},"11":{"type":"branch","line":35,"loc":{"start":{"line":35,"column":25},"end":{"line":46,"column":4}},"locations":[{"start":{"line":35,"column":25},"end":{"line":46,"column":4}}]},"12":{"type":"branch","line":36,"loc":{"start":{"line":36,"column":12},"end":{"line":44,"column":58}},"locations":[{"start":{"line":36,"column":12},"end":{"line":44,"column":58}}]},"13":{"type":"branch","line":37,"loc":{"start":{"line":37,"column":19},"end":{"line":44,"column":9}},"locations":[{"start":{"line":37,"column":19},"end":{"line":44,"column":9}}]},"14":{"type":"branch","line":38,"loc":{"start":{"line":38,"column":43},"end":{"line":42,"column":9}},"locations":[{"start":{"line":38,"column":43},"end":{"line":42,"column":9}}]},"15":{"type":"branch","line":41,"loc":{"start":{"line":41,"column":76},"end":{"line":41,"column":85}},"locations":[{"start":{"line":41,"column":76},"end":{"line":41,"column":85}}]},"16":{"type":"branch","line":42,"loc":{"start":{"line":42,"column":8},"end":{"line":44,"column":9}},"locations":[{"start":{"line":42,"column":8},"end":{"line":44,"column":9}}]},"17":{"type":"branch","line":44,"loc":{"start":{"line":44,"column":16},"end":{"line":44,"column":58}},"locations":[{"start":{"line":44,"column":16},"end":{"line":44,"column":58}}]},"18":{"type":"branch","line":48,"loc":{"start":{"line":48,"column":25},"end":{"line":81,"column":4}},"locations":[{"start":{"line":48,"column":25},"end":{"line":81,"column":4}}]},"19":{"type":"branch","line":67,"loc":{"start":{"line":67,"column":24},"end":{"line":74,"column":5}},"locations":[{"start":{"line":67,"column":24},"end":{"line":74,"column":5}}]},"20":{"type":"branch","line":68,"loc":{"start":{"line":68,"column":52},"end":{"line":72,"column":7}},"locations":[{"start":{"line":68,"column":52},"end":{"line":72,"column":7}}]},"21":{"type":"branch","line":52,"loc":{"start":{"line":52,"column":17},"end":{"line":62,"column":7}},"locations":[{"start":{"line":52,"column":17},"end":{"line":62,"column":7}}]},"22":{"type":"branch","line":57,"loc":{"start":{"line":57,"column":53},"end":{"line":59,"column":9}},"locations":[{"start":{"line":57,"column":53},"end":{"line":59,"column":9}}]},"23":{"type":"branch","line":58,"loc":{"start":{"line":58,"column":37},"end":{"line":58,"column":64}},"locations":[{"start":{"line":58,"column":37},"end":{"line":58,"column":64}}]},"24":{"type":"branch","line":58,"loc":{"start":{"line":58,"column":50},"end":{"line":58,"column":70}},"locations":[{"start":{"line":58,"column":50},"end":{"line":58,"column":70}}]},"25":{"type":"branch","line":58,"loc":{"start":{"line":58,"column":70},"end":{"line":58,"column":85}},"locations":[{"start":{"line":58,"column":70},"end":{"line":58,"column":85}}]},"26":{"type":"branch","line":84,"loc":{"start":{"line":84,"column":25},"end":{"line":86,"column":4}},"locations":[{"start":{"line":84,"column":25},"end":{"line":86,"column":4}}]},"27":{"type":"branch","line":85,"loc":{"start":{"line":85,"column":28},"end":{"line":85,"column":77}},"locations":[{"start":{"line":85,"column":28},"end":{"line":85,"column":77}}]},"28":{"type":"branch","line":88,"loc":{"start":{"line":88,"column":28},"end":{"line":91,"column":4}},"locations":[{"start":{"line":88,"column":28},"end":{"line":91,"column":4}}]},"29":{"type":"branch","line":90,"loc":{"start":{"line":90,"column":28},"end":{"line":90,"column":50}},"locations":[{"start":{"line":90,"column":28},"end":{"line":90,"column":50}}]},"30":{"type":"branch","line":90,"loc":{"start":{"line":90,"column":38},"end":{"line":90,"column":53}},"locations":[{"start":{"line":90,"column":38},"end":{"line":90,"column":53}}]},"31":{"type":"branch","line":89,"loc":{"start":{"line":89,"column":31},"end":{"line":89,"column":69}},"locations":[{"start":{"line":89,"column":31},"end":{"line":89,"column":69}}]},"32":{"type":"branch","line":95,"loc":{"start":{"line":95,"column":29},"end":{"line":105,"column":4}},"locations":[{"start":{"line":95,"column":29},"end":{"line":105,"column":4}}]},"33":{"type":"branch","line":100,"loc":{"start":{"line":100,"column":41},"end":{"line":102,"column":7}},"locations":[{"start":{"line":100,"column":41},"end":{"line":102,"column":7}}]},"34":{"type":"branch","line":107,"loc":{"start":{"line":107,"column":22},"end":{"line":109,"column":4}},"locations":[{"start":{"line":107,"column":22},"end":{"line":109,"column":4}}]},"35":{"type":"branch","line":118,"loc":{"start":{"line":118,"column":26},"end":{"line":158,"column":15}},"locations":[{"start":{"line":118,"column":26},"end":{"line":158,"column":15}}]},"36":{"type":"branch","line":127,"loc":{"start":{"line":127,"column":69},"end":{"line":127,"column":92}},"locations":[{"start":{"line":127,"column":69},"end":{"line":127,"column":92}}]},"37":{"type":"branch","line":127,"loc":{"start":{"line":127,"column":73},"end":{"line":127,"column":107}},"locations":[{"start":{"line":127,"column":73},"end":{"line":127,"column":107}}]},"38":{"type":"branch","line":148,"loc":{"start":{"line":148,"column":39},"end":{"line":149,"column":68}},"locations":[{"start":{"line":148,"column":39},"end":{"line":149,"column":68}}]},"39":{"type":"branch","line":149,"loc":{"start":{"line":149,"column":26},"end":{"line":150,"column":72}},"locations":[{"start":{"line":149,"column":26},"end":{"line":150,"column":72}}]},"40":{"type":"branch","line":154,"loc":{"start":{"line":154,"column":38},"end":{"line":154,"column":55}},"locations":[{"start":{"line":154,"column":38},"end":{"line":154,"column":55}}]},"41":{"type":"branch","line":154,"loc":{"start":{"line":154,"column":42},"end":{"line":154,"column":60}},"locations":[{"start":{"line":154,"column":42},"end":{"line":154,"column":60}}]},"42":{"type":"branch","line":146,"loc":{"start":{"line":146,"column":29},"end":{"line":146,"column":54}},"locations":[{"start":{"line":146,"column":29},"end":{"line":146,"column":54}}]},"43":{"type":"branch","line":165,"loc":{"start":{"line":165,"column":22},"end":{"line":203,"column":15}},"locations":[{"start":{"line":165,"column":22},"end":{"line":203,"column":15}}]},"44":{"type":"branch","line":189,"loc":{"start":{"line":189,"column":31},"end":{"line":189,"column":88}},"locations":[{"start":{"line":189,"column":31},"end":{"line":189,"column":88}}]},"45":{"type":"branch","line":209,"loc":{"start":{"line":209,"column":24},"end":{"line":209,"column":78}},"locations":[{"start":{"line":209,"column":24},"end":{"line":209,"column":78}}]},"46":{"type":"branch","line":215,"loc":{"start":{"line":215,"column":59},"end":{"line":215,"column":96}},"locations":[{"start":{"line":215,"column":59},"end":{"line":215,"column":96}}]},"47":{"type":"branch","line":215,"loc":{"start":{"line":215,"column":96},"end":{"line":215,"column":125}},"locations":[{"start":{"line":215,"column":96},"end":{"line":215,"column":125}}]}},"b":{"0":[43],"1":[1],"2":[1],"3":[22],"4":[0],"5":[22],"6":[19],"7":[3],"8":[22],"9":[19],"10":[0],"11":[18],"12":[18],"13":[54],"14":[18],"15":[0],"16":[36],"17":[54],"18":[43],"19":[2],"20":[1],"21":[85],"22":[85],"23":[40],"24":[40],"25":[45],"26":[129],"27":[129],"28":[151],"29":[104],"30":[47],"31":[213],"32":[85],"33":[40],"34":[2],"35":[129],"36":[106],"37":[23],"38":[106],"39":[23],"40":[106],"41":[23],"42":[22],"43":[85],"44":[18],"45":[2],"46":[43],"47":[43]},"fnMap":{"0":{"name":"CartPage","decl":{"start":{"line":9,"column":24},"end":{"line":241,"column":2}},"loc":{"start":{"line":9,"column":24},"end":{"line":241,"column":2}},"line":9},"1":{"name":"addToCart","decl":{"start":{"line":14,"column":20},"end":{"line":29,"column":4}},"loc":{"start":{"line":14,"column":20},"end":{"line":29,"column":4}},"line":14},"2":{"name":"removeFromCart","decl":{"start":{"line":31,"column":25},"end":{"line":33,"column":4}},"loc":{"start":{"line":31,"column":25},"end":{"line":33,"column":4}},"line":31},"3":{"name":"updateQuantity","decl":{"start":{"line":35,"column":25},"end":{"line":46,"column":4}},"loc":{"start":{"line":35,"column":25},"end":{"line":46,"column":4}},"line":35},"4":{"name":"calculateTotal","decl":{"start":{"line":48,"column":25},"end":{"line":81,"column":4}},"loc":{"start":{"line":48,"column":25},"end":{"line":81,"column":4}},"line":48},"5":{"name":"getMaxDiscount","decl":{"start":{"line":84,"column":25},"end":{"line":86,"column":4}},"loc":{"start":{"line":84,"column":25},"end":{"line":86,"column":4}},"line":84},"6":{"name":"getRemainingStock","decl":{"start":{"line":88,"column":28},"end":{"line":91,"column":4}},"loc":{"start":{"line":88,"column":28},"end":{"line":91,"column":4}},"line":88},"7":{"name":"getAppliedDiscount","decl":{"start":{"line":95,"column":29},"end":{"line":105,"column":4}},"loc":{"start":{"line":95,"column":29},"end":{"line":105,"column":4}},"line":95},"8":{"name":"applyCoupon","decl":{"start":{"line":107,"column":22},"end":{"line":109,"column":4}},"loc":{"start":{"line":107,"column":22},"end":{"line":109,"column":4}},"line":107},"9":{"name":"onClick","decl":{"start":{"line":146,"column":29},"end":{"line":146,"column":54}},"loc":{"start":{"line":146,"column":29},"end":{"line":146,"column":54}},"line":146},"10":{"name":"onClick","decl":{"start":{"line":183,"column":31},"end":{"line":183,"column":88}},"loc":{"start":{"line":183,"column":31},"end":{"line":183,"column":88}},"line":183},"11":{"name":"onClick","decl":{"start":{"line":189,"column":31},"end":{"line":189,"column":88}},"loc":{"start":{"line":189,"column":31},"end":{"line":189,"column":88}},"line":189},"12":{"name":"onClick","decl":{"start":{"line":195,"column":31},"end":{"line":195,"column":69}},"loc":{"start":{"line":195,"column":31},"end":{"line":195,"column":69}},"line":195},"13":{"name":"onChange","decl":{"start":{"line":209,"column":24},"end":{"line":209,"column":78}},"loc":{"start":{"line":209,"column":24},"end":{"line":209,"column":78}},"line":209}},"f":{"0":43,"1":22,"2":0,"3":18,"4":43,"5":129,"6":151,"7":85,"8":2,"9":22,"10":0,"11":18,"12":0,"13":2}}
}
